execve("./hello.py", ["./hello.py"], [/* 38 vars */]) = 0
brk(0)                                  = 0x215a000
access("/etc/ld.so.nohwcap", F_OK)      = -1 ENOENT (No such file or directory)
mmap(NULL, 8192, PROT_READ|PROT_WRITE, MAP_PRIVATE|MAP_ANONYMOUS, -1, 0) = 0x7fe31d584000
access("/etc/ld.so.preload", R_OK)      = -1 ENOENT (No such file or directory)
open("/etc/ld.so.cache", O_RDONLY|O_CLOEXEC) = 3
fstat(3, {st_mode=S_IFREG|0644, st_size=88358, ...}) = 0
mmap(NULL, 88358, PROT_READ, MAP_PRIVATE, 3, 0) = 0x7fe31d56e000
close(3)                                = 0
access("/etc/ld.so.nohwcap", F_OK)      = -1 ENOENT (No such file or directory)
open("/lib/x86_64-linux-gnu/libc.so.6", O_RDONLY|O_CLOEXEC) = 3
read(3, "\177ELF\2\1\1\0\0\0\0\0\0\0\0\0\3\0>\0\1\0\0\0\200\30\2\0\0\0\0\0"..., 832) = 832
fstat(3, {st_mode=S_IFREG|0755, st_size=1811128, ...}) = 0
mmap(NULL, 3925208, PROT_READ|PROT_EXEC, MAP_PRIVATE|MAP_DENYWRITE, 3, 0) = 0x7fe31cfa5000
mprotect(0x7fe31d15a000, 2093056, PROT_NONE) = 0
mmap(0x7fe31d359000, 24576, PROT_READ|PROT_WRITE, MAP_PRIVATE|MAP_FIXED|MAP_DENYWRITE, 3, 0x1b4000) = 0x7fe31d359000
mmap(0x7fe31d35f000, 17624, PROT_READ|PROT_WRITE, MAP_PRIVATE|MAP_FIXED|MAP_ANONYMOUS, -1, 0) = 0x7fe31d35f000
close(3)                                = 0
mmap(NULL, 4096, PROT_READ|PROT_WRITE, MAP_PRIVATE|MAP_ANONYMOUS, -1, 0) = 0x7fe31d56d000
mmap(NULL, 4096, PROT_READ|PROT_WRITE, MAP_PRIVATE|MAP_ANONYMOUS, -1, 0) = 0x7fe31d56c000
mmap(NULL, 4096, PROT_READ|PROT_WRITE, MAP_PRIVATE|MAP_ANONYMOUS, -1, 0) = 0x7fe31d56b000
arch_prctl(ARCH_SET_FS, 0x7fe31d56c700) = 0
mprotect(0x7fe31d359000, 16384, PROT_READ) = 0
mprotect(0x605000, 4096, PROT_READ)     = 0
mprotect(0x7fe31d586000, 4096, PROT_READ) = 0
munmap(0x7fe31d56e000, 88358)           = 0
brk(0)                                  = 0x215a000
brk(0x217b000)                          = 0x217b000
open("/usr/lib/locale/locale-archive", O_RDONLY|O_CLOEXEC) = 3
fstat(3, {st_mode=S_IFREG|0644, st_size=8744368, ...}) = 0
mmap(NULL, 8744368, PROT_READ, MAP_PRIVATE, 3, 0) = 0x7fe31c74e000
close(3)                                = 0
execve("/usr/lib/lightdm/lightdm/python", ["python", "./hello.py"], [/* 38 vars */]) = -1 ENOENT (No such file or directory)
execve("/usr/local/sbin/python", ["python", "./hello.py"], [/* 38 vars */]) = -1 ENOENT (No such file or directory)
execve("/usr/local/bin/python", ["python", "./hello.py"], [/* 38 vars */]) = -1 ENOENT (No such file or directory)
execve("/usr/sbin/python", ["python", "./hello.py"], [/* 38 vars */]) = -1 ENOENT (No such file or directory)
execve("/usr/bin/python", ["python", "./hello.py"], [/* 38 vars */]) = 0
brk(0)                                  = 0x1584000
access("/etc/ld.so.nohwcap", F_OK)      = -1 ENOENT (No such file or directory)
mmap(NULL, 8192, PROT_READ|PROT_WRITE, MAP_PRIVATE|MAP_ANONYMOUS, -1, 0) = 0x7f1eb2b0a000
access("/etc/ld.so.preload", R_OK)      = -1 ENOENT (No such file or directory)
open("/etc/ld.so.cache", O_RDONLY|O_CLOEXEC) = 3
fstat(3, {st_mode=S_IFREG|0644, st_size=88358, ...}) = 0
mmap(NULL, 88358, PROT_READ, MAP_PRIVATE, 3, 0) = 0x7f1eb2af4000
close(3)                                = 0
access("/etc/ld.so.nohwcap", F_OK)      = -1 ENOENT (No such file or directory)
open("/lib/x86_64-linux-gnu/libpthread.so.0", O_RDONLY|O_CLOEXEC) = 3
read(3, "\177ELF\2\1\1\0\0\0\0\0\0\0\0\0\3\0>\0\1\0\0\0\200l\0\0\0\0\0\0"..., 832) = 832
fstat(3, {st_mode=S_IFREG|0755, st_size=135366, ...}) = 0
mmap(NULL, 2212904, PROT_READ|PROT_EXEC, MAP_PRIVATE|MAP_DENYWRITE, 3, 0) = 0x7f1eb26cd000
mprotect(0x7f1eb26e5000, 2093056, PROT_NONE) = 0
mmap(0x7f1eb28e4000, 8192, PROT_READ|PROT_WRITE, MAP_PRIVATE|MAP_FIXED|MAP_DENYWRITE, 3, 0x17000) = 0x7f1eb28e4000
mmap(0x7f1eb28e6000, 13352, PROT_READ|PROT_WRITE, MAP_PRIVATE|MAP_FIXED|MAP_ANONYMOUS, -1, 0) = 0x7f1eb28e6000
close(3)                                = 0
access("/etc/ld.so.nohwcap", F_OK)      = -1 ENOENT (No such file or directory)
open("/lib/x86_64-linux-gnu/libdl.so.2", O_RDONLY|O_CLOEXEC) = 3
read(3, "\177ELF\2\1\1\0\0\0\0\0\0\0\0\0\3\0>\0\1\0\0\0\340\r\0\0\0\0\0\0"..., 832) = 832
fstat(3, {st_mode=S_IFREG|0644, st_size=14768, ...}) = 0
mmap(NULL, 2109704, PROT_READ|PROT_EXEC, MAP_PRIVATE|MAP_DENYWRITE, 3, 0) = 0x7f1eb24c9000
mprotect(0x7f1eb24cb000, 2097152, PROT_NONE) = 0
mmap(0x7f1eb26cb000, 8192, PROT_READ|PROT_WRITE, MAP_PRIVATE|MAP_FIXED|MAP_DENYWRITE, 3, 0x2000) = 0x7f1eb26cb000
close(3)                                = 0
access("/etc/ld.so.nohwcap", F_OK)      = -1 ENOENT (No such file or directory)
open("/lib/x86_64-linux-gnu/libutil.so.1", O_RDONLY|O_CLOEXEC) = 3
read(3, "\177ELF\2\1\1\0\0\0\0\0\0\0\0\0\3\0>\0\1\0\0\0 \16\0\0\0\0\0\0"..., 832) = 832
fstat(3, {st_mode=S_IFREG|0644, st_size=10632, ...}) = 0
mmap(NULL, 4096, PROT_READ|PROT_WRITE, MAP_PRIVATE|MAP_ANONYMOUS, -1, 0) = 0x7f1eb2af3000
mmap(NULL, 2105600, PROT_READ|PROT_EXEC, MAP_PRIVATE|MAP_DENYWRITE, 3, 0) = 0x7f1eb22c6000
mprotect(0x7f1eb22c8000, 2093056, PROT_NONE) = 0
mmap(0x7f1eb24c7000, 8192, PROT_READ|PROT_WRITE, MAP_PRIVATE|MAP_FIXED|MAP_DENYWRITE, 3, 0x1000) = 0x7f1eb24c7000
close(3)                                = 0
access("/etc/ld.so.nohwcap", F_OK)      = -1 ENOENT (No such file or directory)
open("/lib/x86_64-linux-gnu/libssl.so.1.0.0", O_RDONLY|O_CLOEXEC) = 3
read(3, "\177ELF\2\1\1\0\0\0\0\0\0\0\0\0\3\0>\0\1\0\0\0\220)\1\0\0\0\0\0"..., 832) = 832
fstat(3, {st_mode=S_IFREG|0644, st_size=374608, ...}) = 0
mmap(NULL, 2469936, PROT_READ|PROT_EXEC, MAP_PRIVATE|MAP_DENYWRITE, 3, 0) = 0x7f1eb206a000
mprotect(0x7f1eb20bc000, 2097152, PROT_NONE) = 0
mmap(0x7f1eb22bc000, 36864, PROT_READ|PROT_WRITE, MAP_PRIVATE|MAP_FIXED|MAP_DENYWRITE, 3, 0x52000) = 0x7f1eb22bc000
mmap(0x7f1eb22c5000, 48, PROT_READ|PROT_WRITE, MAP_PRIVATE|MAP_FIXED|MAP_ANONYMOUS, -1, 0) = 0x7f1eb22c5000
close(3)                                = 0
access("/etc/ld.so.nohwcap", F_OK)      = -1 ENOENT (No such file or directory)
open("/lib/x86_64-linux-gnu/libcrypto.so.1.0.0", O_RDONLY|O_CLOEXEC) = 3
read(3, "\177ELF\2\1\1\0\0\0\0\0\0\0\0\0\3\0>\0\1\0\0\0@\367\5\0\0\0\0\0"..., 832) = 832
fstat(3, {st_mode=S_IFREG|0644, st_size=1852792, ...}) = 0
mmap(NULL, 3963320, PROT_READ|PROT_EXEC, MAP_PRIVATE|MAP_DENYWRITE, 3, 0) = 0x7f1eb1ca2000
mprotect(0x7f1eb1e41000, 2093056, PROT_NONE) = 0
mmap(0x7f1eb2040000, 155648, PROT_READ|PROT_WRITE, MAP_PRIVATE|MAP_FIXED|MAP_DENYWRITE, 3, 0x19e000) = 0x7f1eb2040000
mmap(0x7f1eb2066000, 14776, PROT_READ|PROT_WRITE, MAP_PRIVATE|MAP_FIXED|MAP_ANONYMOUS, -1, 0) = 0x7f1eb2066000
close(3)                                = 0
access("/etc/ld.so.nohwcap", F_OK)      = -1 ENOENT (No such file or directory)
open("/lib/x86_64-linux-gnu/libz.so.1", O_RDONLY|O_CLOEXEC) = 3
read(3, "\177ELF\2\1\1\0\0\0\0\0\0\0\0\0\3\0>\0\1\0\0\0P \0\0\0\0\0\0"..., 832) = 832
fstat(3, {st_mode=S_IFREG|0644, st_size=92720, ...}) = 0
mmap(NULL, 4096, PROT_READ|PROT_WRITE, MAP_PRIVATE|MAP_ANONYMOUS, -1, 0) = 0x7f1eb2af2000
mmap(NULL, 2187824, PROT_READ|PROT_EXEC, MAP_PRIVATE|MAP_DENYWRITE, 3, 0) = 0x7f1eb1a8b000
mprotect(0x7f1eb1aa1000, 2093056, PROT_NONE) = 0
mmap(0x7f1eb1ca0000, 8192, PROT_READ|PROT_WRITE, MAP_PRIVATE|MAP_FIXED|MAP_DENYWRITE, 3, 0x15000) = 0x7f1eb1ca0000
close(3)                                = 0
access("/etc/ld.so.nohwcap", F_OK)      = -1 ENOENT (No such file or directory)
open("/lib/x86_64-linux-gnu/libm.so.6", O_RDONLY|O_CLOEXEC) = 3
read(3, "\177ELF\2\1\1\0\0\0\0\0\0\0\0\0\3\0>\0\1\0\0\0pU\0\0\0\0\0\0"..., 832) = 832
fstat(3, {st_mode=S_IFREG|0644, st_size=1022320, ...}) = 0
mmap(NULL, 3117352, PROT_READ|PROT_EXEC, MAP_PRIVATE|MAP_DENYWRITE, 3, 0) = 0x7f1eb1791000
mprotect(0x7f1eb188a000, 2093056, PROT_NONE) = 0
mmap(0x7f1eb1a89000, 8192, PROT_READ|PROT_WRITE, MAP_PRIVATE|MAP_FIXED|MAP_DENYWRITE, 3, 0xf8000) = 0x7f1eb1a89000
close(3)                                = 0
access("/etc/ld.so.nohwcap", F_OK)      = -1 ENOENT (No such file or directory)
open("/lib/x86_64-linux-gnu/libc.so.6", O_RDONLY|O_CLOEXEC) = 3
read(3, "\177ELF\2\1\1\0\0\0\0\0\0\0\0\0\3\0>\0\1\0\0\0\200\30\2\0\0\0\0\0"..., 832) = 832
fstat(3, {st_mode=S_IFREG|0755, st_size=1811128, ...}) = 0
mmap(NULL, 3925208, PROT_READ|PROT_EXEC, MAP_PRIVATE|MAP_DENYWRITE, 3, 0) = 0x7f1eb13d2000
mprotect(0x7f1eb1587000, 2093056, PROT_NONE) = 0
mmap(0x7f1eb1786000, 24576, PROT_READ|PROT_WRITE, MAP_PRIVATE|MAP_FIXED|MAP_DENYWRITE, 3, 0x1b4000) = 0x7f1eb1786000
mmap(0x7f1eb178c000, 17624, PROT_READ|PROT_WRITE, MAP_PRIVATE|MAP_FIXED|MAP_ANONYMOUS, -1, 0) = 0x7f1eb178c000
close(3)                                = 0
access("/etc/ld.so.nohwcap", F_OK)      = -1 ENOENT (No such file or directory)
open("/lib/x86_64-linux-gnu/libgcc_s.so.1", O_RDONLY|O_CLOEXEC) = 3
read(3, "\177ELF\2\1\1\0\0\0\0\0\0\0\0\0\3\0>\0\1\0\0\0\320(\0\0\0\0\0\0"..., 832) = 832
fstat(3, {st_mode=S_IFREG|0644, st_size=88384, ...}) = 0
mmap(NULL, 4096, PROT_READ|PROT_WRITE, MAP_PRIVATE|MAP_ANONYMOUS, -1, 0) = 0x7f1eb2af1000
mmap(NULL, 2184216, PROT_READ|PROT_EXEC, MAP_PRIVATE|MAP_DENYWRITE, 3, 0) = 0x7f1eb11bc000
mprotect(0x7f1eb11d1000, 2093056, PROT_NONE) = 0
mmap(0x7f1eb13d0000, 8192, PROT_READ|PROT_WRITE, MAP_PRIVATE|MAP_FIXED|MAP_DENYWRITE, 3, 0x14000) = 0x7f1eb13d0000
close(3)                                = 0
mmap(NULL, 4096, PROT_READ|PROT_WRITE, MAP_PRIVATE|MAP_ANONYMOUS, -1, 0) = 0x7f1eb2af0000
mmap(NULL, 4096, PROT_READ|PROT_WRITE, MAP_PRIVATE|MAP_ANONYMOUS, -1, 0) = 0x7f1eb2aef000
mmap(NULL, 4096, PROT_READ|PROT_WRITE, MAP_PRIVATE|MAP_ANONYMOUS, -1, 0) = 0x7f1eb2aee000
arch_prctl(ARCH_SET_FS, 0x7f1eb2aef700) = 0
mprotect(0x7f1eb1786000, 16384, PROT_READ) = 0
mprotect(0x7f1eb13d0000, 4096, PROT_READ) = 0
mprotect(0x7f1eb1a89000, 4096, PROT_READ) = 0
mprotect(0x7f1eb1ca0000, 4096, PROT_READ) = 0
mprotect(0x7f1eb26cb000, 4096, PROT_READ) = 0
mprotect(0x7f1eb2040000, 110592, PROT_READ) = 0
mprotect(0x7f1eb22bc000, 12288, PROT_READ) = 0
mprotect(0x7f1eb24c7000, 4096, PROT_READ) = 0
mprotect(0x7f1eb28e4000, 4096, PROT_READ) = 0
mprotect(0x870000, 4096, PROT_READ)     = 0
mprotect(0x7f1eb2b0c000, 4096, PROT_READ) = 0
munmap(0x7f1eb2af4000, 88358)           = 0
set_tid_address(0x7f1eb2aef9d0)         = 9330
set_robust_list(0x7f1eb2aef9e0, 0x18)   = 0
futex(0x7fffe90bec4c, FUTEX_WAIT_BITSET_PRIVATE|FUTEX_CLOCK_REALTIME, 1, NULL, 7f1eb2aef700) = -1 EAGAIN (Resource temporarily unavailable)
rt_sigaction(SIGRTMIN, {0x7f1eb26d3750, [], SA_RESTORER|SA_SIGINFO, 0x7f1eb26dccb0}, NULL, 8) = 0
rt_sigaction(SIGRT_1, {0x7f1eb26d37e0, [], SA_RESTORER|SA_RESTART|SA_SIGINFO, 0x7f1eb26dccb0}, NULL, 8) = 0
rt_sigprocmask(SIG_UNBLOCK, [RTMIN RT_1], NULL, 8) = 0
getrlimit(RLIMIT_STACK, {rlim_cur=8192*1024, rlim_max=RLIM_INFINITY}) = 0
ioctl(0, SNDCTL_TMR_TIMEBASE or TCGETS, {B38400 opost isig icanon echo ...}) = 0
brk(0)                                  = 0x1584000
brk(0x15a5000)                          = 0x15a5000
mmap(NULL, 266240, PROT_READ|PROT_WRITE, MAP_PRIVATE|MAP_ANONYMOUS, -1, 0) = 0x7f1eb2aad000
open("/proc/meminfo", O_RDONLY|O_CLOEXEC) = 3
fstat(3, {st_mode=S_IFREG|0444, st_size=0, ...}) = 0
mmap(NULL, 4096, PROT_READ|PROT_WRITE, MAP_PRIVATE|MAP_ANONYMOUS, -1, 0) = 0x7f1eb2b09000
read(3, "MemTotal:        7768148 kB\nMemF"..., 1024) = 1024
close(3)                                = 0
munmap(0x7f1eb2b09000, 4096)            = 0
brk(0x15d1000)                          = 0x15d1000
fstat(0, {st_mode=S_IFCHR|0620, st_rdev=makedev(136, 5), ...}) = 0
fstat(0, {st_mode=S_IFCHR|0620, st_rdev=makedev(136, 5), ...}) = 0
fstat(1, {st_mode=S_IFCHR|0620, st_rdev=makedev(136, 5), ...}) = 0
fstat(2, {st_mode=S_IFREG|0664, st_size=11527, ...}) = 0
stat("/usr/lib/lightdm/lightdm/python", 0x7fffe90bc8a0) = -1 ENOENT (No such file or directory)
stat("/usr/local/sbin/python", 0x7fffe90bc8a0) = -1 ENOENT (No such file or directory)
stat("/usr/local/bin/python", 0x7fffe90bc8a0) = -1 ENOENT (No such file or directory)
stat("/usr/sbin/python", 0x7fffe90bc8a0) = -1 ENOENT (No such file or directory)
stat("/usr/bin/python", {st_mode=S_IFREG|0755, st_size=2989480, ...}) = 0
readlink("/usr/bin/python", "python2.7", 4096) = 9
readlink("/usr/bin/python2.7", 0x7fffe90bd940, 4096) = -1 EINVAL (Invalid argument)
stat("/usr/bin/Modules/Setup", 0x7fffe90bc8a0) = -1 ENOENT (No such file or directory)
stat("/usr/bin/lib/python2.7/os.py", 0x7fffe90bc7f0) = -1 ENOENT (No such file or directory)
stat("/usr/bin/lib/python2.7/os.pyc", 0x7fffe90bc750) = -1 ENOENT (No such file or directory)
stat("/usr/lib/python2.7/os.py", {st_mode=S_IFREG|0644, st_size=25769, ...}) = 0
stat("/usr/bin/Modules/Setup", 0x7fffe90bc8a0) = -1 ENOENT (No such file or directory)
stat("/usr/bin/lib/python2.7/lib-dynload", 0x7fffe90bc7f0) = -1 ENOENT (No such file or directory)
stat("/usr/lib/python2.7/lib-dynload", {st_mode=S_IFDIR|0755, st_size=4096, ...}) = 0
mmap(NULL, 266240, PROT_READ|PROT_WRITE, MAP_PRIVATE|MAP_ANONYMOUS, -1, 0) = 0x7f1eb2a6c000
rt_sigaction(SIGPIPE, {SIG_IGN, [], SA_RESTORER, 0x7f1eb26dccb0}, {SIG_DFL, [], 0}, 8) = 0
rt_sigaction(SIGXFSZ, {SIG_IGN, [], SA_RESTORER, 0x7f1eb26dccb0}, {SIG_DFL, [], 0}, 8) = 0
rt_sigaction(SIGHUP, NULL, {SIG_DFL, [], 0}, 8) = 0
rt_sigaction(SIGINT, NULL, {SIG_DFL, [], 0}, 8) = 0
rt_sigaction(SIGQUIT, NULL, {SIG_DFL, [], 0}, 8) = 0
rt_sigaction(SIGILL, NULL, {SIG_DFL, [], 0}, 8) = 0
rt_sigaction(SIGTRAP, NULL, {SIG_DFL, [], 0}, 8) = 0
rt_sigaction(SIGABRT, NULL, {SIG_DFL, [], 0}, 8) = 0
rt_sigaction(SIGBUS, NULL, {SIG_DFL, [], 0}, 8) = 0
rt_sigaction(SIGFPE, NULL, {SIG_DFL, [], 0}, 8) = 0
rt_sigaction(SIGKILL, NULL, {SIG_DFL, [], 0}, 8) = 0
rt_sigaction(SIGUSR1, NULL, {SIG_DFL, [], 0}, 8) = 0
rt_sigaction(SIGSEGV, NULL, {SIG_DFL, [], 0}, 8) = 0
rt_sigaction(SIGUSR2, NULL, {SIG_DFL, [], 0}, 8) = 0
rt_sigaction(SIGPIPE, NULL, {SIG_IGN, [], SA_RESTORER, 0x7f1eb26dccb0}, 8) = 0
rt_sigaction(SIGALRM, NULL, {SIG_DFL, [], 0}, 8) = 0
rt_sigaction(SIGTERM, NULL, {SIG_DFL, [], 0}, 8) = 0
rt_sigaction(SIGSTKFLT, NULL, {SIG_DFL, [], 0}, 8) = 0
rt_sigaction(SIGCHLD, NULL, {SIG_DFL, [], 0}, 8) = 0
rt_sigaction(SIGCONT, NULL, {SIG_DFL, [], 0}, 8) = 0
rt_sigaction(SIGSTOP, NULL, {SIG_DFL, [], 0}, 8) = 0
rt_sigaction(SIGTSTP, NULL, {SIG_DFL, [], 0}, 8) = 0
rt_sigaction(SIGTTIN, NULL, {SIG_DFL, [], 0}, 8) = 0
rt_sigaction(SIGTTOU, NULL, {SIG_DFL, [], 0}, 8) = 0
rt_sigaction(SIGURG, NULL, {SIG_DFL, [], 0}, 8) = 0
rt_sigaction(SIGXCPU, NULL, {SIG_DFL, [], 0}, 8) = 0
rt_sigaction(SIGXFSZ, NULL, {SIG_IGN, [], SA_RESTORER, 0x7f1eb26dccb0}, 8) = 0
rt_sigaction(SIGVTALRM, NULL, {SIG_DFL, [], 0}, 8) = 0
rt_sigaction(SIGPROF, NULL, {SIG_DFL, [], 0}, 8) = 0
rt_sigaction(SIGWINCH, NULL, {SIG_DFL, [], 0}, 8) = 0
rt_sigaction(SIGIO, NULL, {SIG_DFL, [], 0}, 8) = 0
rt_sigaction(SIGPWR, NULL, {SIG_DFL, [], 0}, 8) = 0
rt_sigaction(SIGSYS, NULL, {SIG_DFL, [], 0}, 8) = 0
rt_sigaction(SIGRT_2, NULL, {SIG_DFL, [], 0}, 8) = 0
rt_sigaction(SIGRT_3, NULL, {SIG_DFL, [], 0}, 8) = 0
rt_sigaction(SIGRT_4, NULL, {SIG_DFL, [], 0}, 8) = 0
rt_sigaction(SIGRT_5, NULL, {SIG_DFL, [], 0}, 8) = 0
rt_sigaction(SIGRT_6, NULL, {SIG_DFL, [], 0}, 8) = 0
rt_sigaction(SIGRT_7, NULL, {SIG_DFL, [], 0}, 8) = 0
rt_sigaction(SIGRT_8, NULL, {SIG_DFL, [], 0}, 8) = 0
rt_sigaction(SIGRT_9, NULL, {SIG_DFL, [], 0}, 8) = 0
rt_sigaction(SIGRT_10, NULL, {SIG_DFL, [], 0}, 8) = 0
rt_sigaction(SIGRT_11, NULL, {SIG_DFL, [], 0}, 8) = 0
rt_sigaction(SIGRT_12, NULL, {SIG_DFL, [], 0}, 8) = 0
rt_sigaction(SIGRT_13, NULL, {SIG_DFL, [], 0}, 8) = 0
rt_sigaction(SIGRT_14, NULL, {SIG_DFL, [], 0}, 8) = 0
rt_sigaction(SIGRT_15, NULL, {SIG_DFL, [], 0}, 8) = 0
rt_sigaction(SIGRT_16, NULL, {SIG_DFL, [], 0}, 8) = 0
rt_sigaction(SIGRT_17, NULL, {SIG_DFL, [], 0}, 8) = 0
rt_sigaction(SIGRT_18, NULL, {SIG_DFL, [], 0}, 8) = 0
rt_sigaction(SIGRT_19, NULL, {SIG_DFL, [], 0}, 8) = 0
rt_sigaction(SIGRT_20, NULL, {SIG_DFL, [], 0}, 8) = 0
rt_sigaction(SIGRT_21, NULL, {SIG_DFL, [], 0}, 8) = 0
rt_sigaction(SIGRT_22, NULL, {SIG_DFL, [], 0}, 8) = 0
rt_sigaction(SIGRT_23, NULL, {SIG_DFL, [], 0}, 8) = 0
rt_sigaction(SIGRT_24, NULL, {SIG_DFL, [], 0}, 8) = 0
rt_sigaction(SIGRT_25, NULL, {SIG_DFL, [], 0}, 8) = 0
rt_sigaction(SIGRT_26, NULL, {SIG_DFL, [], 0}, 8) = 0
rt_sigaction(SIGRT_27, NULL, {SIG_DFL, [], 0}, 8) = 0
rt_sigaction(SIGRT_28, NULL, {SIG_DFL, [], 0}, 8) = 0
rt_sigaction(SIGRT_29, NULL, {SIG_DFL, [], 0}, 8) = 0
rt_sigaction(SIGRT_30, NULL, {SIG_DFL, [], 0}, 8) = 0
rt_sigaction(SIGRT_31, NULL, {SIG_DFL, [], 0}, 8) = 0
rt_sigaction(SIGRT_32, NULL, {SIG_DFL, [], 0}, 8) = 0
rt_sigaction(SIGINT, {0x41d920, [], SA_RESTORER, 0x7f1eb26dccb0}, {SIG_DFL, [], 0}, 8) = 0
stat("/usr/lib/python2.7/", {st_mode=S_IFDIR|0755, st_size=24576, ...}) = 0
stat("/usr/lib/python2.7/", {st_mode=S_IFDIR|0755, st_size=24576, ...}) = 0
stat("/usr/lib/python2.7/site", 0x7fffe90ba550) = -1 ENOENT (No such file or directory)
open("/usr/lib/python2.7/site.so", O_RDONLY) = -1 ENOENT (No such file or directory)
open("/usr/lib/python2.7/sitemodule.so", O_RDONLY) = -1 ENOENT (No such file or directory)
open("/usr/lib/python2.7/site.py", O_RDONLY) = 3
fstat(3, {st_mode=S_IFREG|0644, st_size=20387, ...}) = 0
open("/usr/lib/python2.7/site.pyc", O_RDONLY) = 4
fstat(4, {st_mode=S_IFREG|0644, st_size=19742, ...}) = 0
mmap(NULL, 4096, PROT_READ|PROT_WRITE, MAP_PRIVATE|MAP_ANONYMOUS, -1, 0) = 0x7f1eb2a6b000
read(4, "\3\363\r\n6\301\30Pc\0\0\0\0\0\0\0\0\3\0\0\0@\0\0\0sp\1\0\0d\0"..., 4096) = 4096
fstat(4, {st_mode=S_IFREG|0644, st_size=19742, ...}) = 0
read(4, "\0(\0\0\0\0s\32\0\0\0/usr/lib/python2.7/si"..., 12288) = 12288
read(4, "n2.7/site.pyt\t\0\0\0aliasmbcs\332\1\0\0s\24"..., 4096) = 3358
read(4, "", 4096)                       = 0
close(4)                                = 0
munmap(0x7f1eb2a6b000, 4096)            = 0
stat("/usr/lib/python2.7/os", 0x7fffe90b6f40) = -1 ENOENT (No such file or directory)
open("/usr/lib/python2.7/os.so", O_RDONLY) = -1 ENOENT (No such file or directory)
open("/usr/lib/python2.7/osmodule.so", O_RDONLY) = -1 ENOENT (No such file or directory)
open("/usr/lib/python2.7/os.py", O_RDONLY) = 4
fstat(4, {st_mode=S_IFREG|0644, st_size=25769, ...}) = 0
open("/usr/lib/python2.7/os.pyc", O_RDONLY) = 5
fstat(5, {st_mode=S_IFREG|0644, st_size=25451, ...}) = 0
mmap(NULL, 4096, PROT_READ|PROT_WRITE, MAP_PRIVATE|MAP_ANONYMOUS, -1, 0) = 0x7f1eb2a6b000
read(5, "\3\363\r\n+\301\30Pc\0\0\0\0\0\0\0\0\16\0\0\0@\0\0\0s\372\6\0\0d\0"..., 4096) = 4096
fstat(5, {st_mode=S_IFREG|0644, st_size=25451, ...}) = 0
read(5, "e.\n\n    N(\t\0\0\0R\t\0\0\0t\5\0\0\0splitt\6\0"..., 20480) = 20480
read(5, "\0t\6\0\0\0extendR\31\0\0\0t\6\0\0\0ntpathR\32\0\0"..., 4096) = 875
read(5, "", 4096)                       = 0
close(5)                                = 0
munmap(0x7f1eb2a6b000, 4096)            = 0
brk(0x15f3000)                          = 0x15f3000
stat("/usr/lib/python2.7/posixpath", 0x7fffe90b3930) = -1 ENOENT (No such file or directory)
open("/usr/lib/python2.7/posixpath.so", O_RDONLY) = -1 ENOENT (No such file or directory)
open("/usr/lib/python2.7/posixpathmodule.so", O_RDONLY) = -1 ENOENT (No such file or directory)
open("/usr/lib/python2.7/posixpath.py", O_RDONLY) = 5
fstat(5, {st_mode=S_IFREG|0644, st_size=13182, ...}) = 0
open("/usr/lib/python2.7/posixpath.pyc", O_RDONLY) = 6
fstat(6, {st_mode=S_IFREG|0644, st_size=11148, ...}) = 0
mmap(NULL, 4096, PROT_READ|PROT_WRITE, MAP_PRIVATE|MAP_ANONYMOUS, -1, 0) = 0x7f1eb2a6b000
read(6, "\3\363\r\n+\301\30Pc\0\0\0\0\0\0\0\0&\0\0\0@\0\0\0s\345\1\0\0d\0"..., 4096) = 4096
fstat(6, {st_mode=S_IFREG|0644, st_size=11148, ...}) = 0
read(6, "(\0\0\0\0(\0\0\0\0s\37\0\0\0/usr/lib/python2."..., 4096) = 4096
read(6, "\4\0D]k\0}\6\0|\6\0d\r\0k\6\0r\242\0q\212\0n\0\0|\6\0d\t"..., 4096) = 2956
read(6, "", 4096)                       = 0
close(6)                                = 0
munmap(0x7f1eb2a6b000, 4096)            = 0
stat("/usr/lib/python2.7/stat", 0x7fffe90b0320) = -1 ENOENT (No such file or directory)
open("/usr/lib/python2.7/stat.so", O_RDONLY) = -1 ENOENT (No such file or directory)
open("/usr/lib/python2.7/statmodule.so", O_RDONLY) = -1 ENOENT (No such file or directory)
open("/usr/lib/python2.7/stat.py", O_RDONLY) = 6
fstat(6, {st_mode=S_IFREG|0644, st_size=1842, ...}) = 0
open("/usr/lib/python2.7/stat.pyc", O_RDONLY) = 7
fstat(7, {st_mode=S_IFREG|0644, st_size=2731, ...}) = 0
mmap(NULL, 4096, PROT_READ|PROT_WRITE, MAP_PRIVATE|MAP_ANONYMOUS, -1, 0) = 0x7f1eb2a6b000
read(7, "\3\363\r\n+\301\30Pc\0\0\0\0\0\0\0\0\1\0\0\0@\0\0\0s{\1\0\0d\0"..., 4096) = 2731
fstat(7, {st_mode=S_IFREG|0644, st_size=2731, ...}) = 0
read(7, "", 4096)                       = 0
close(7)                                = 0
munmap(0x7f1eb2a6b000, 4096)            = 0
close(6)                                = 0
stat("/usr/lib/python2.7/genericpath", 0x7fffe90b0320) = -1 ENOENT (No such file or directory)
open("/usr/lib/python2.7/genericpath.so", O_RDONLY) = -1 ENOENT (No such file or directory)
open("/usr/lib/python2.7/genericpathmodule.so", O_RDONLY) = -1 ENOENT (No such file or directory)
open("/usr/lib/python2.7/genericpath.py", O_RDONLY) = 6
fstat(6, {st_mode=S_IFREG|0644, st_size=3015, ...}) = 0
open("/usr/lib/python2.7/genericpath.pyc", O_RDONLY) = 7
fstat(7, {st_mode=S_IFREG|0644, st_size=3243, ...}) = 0
mmap(NULL, 4096, PROT_READ|PROT_WRITE, MAP_PRIVATE|MAP_ANONYMOUS, -1, 0) = 0x7f1eb2a6b000
read(7, "\3\363\r\n+\301\30Pc\0\0\0\0\0\0\0\0\10\0\0\0@\0\0\0s\221\0\0\0d\0"..., 4096) = 3243
fstat(7, {st_mode=S_IFREG|0644, st_size=3243, ...}) = 0
read(7, "", 4096)                       = 0
mmap(NULL, 200704, PROT_READ|PROT_WRITE, MAP_PRIVATE|MAP_ANONYMOUS, -1, 0) = 0x7f1eb2a3a000
close(7)                                = 0
munmap(0x7f1eb2a6b000, 4096)            = 0
close(6)                                = 0
stat("/usr/lib/python2.7/warnings", 0x7fffe90b0320) = -1 ENOENT (No such file or directory)
open("/usr/lib/python2.7/warnings.so", O_RDONLY) = -1 ENOENT (No such file or directory)
open("/usr/lib/python2.7/warningsmodule.so", O_RDONLY) = -1 ENOENT (No such file or directory)
open("/usr/lib/python2.7/warnings.py", O_RDONLY) = 6
fstat(6, {st_mode=S_IFREG|0644, st_size=14044, ...}) = 0
open("/usr/lib/python2.7/warnings.pyc", O_RDONLY) = 7
fstat(7, {st_mode=S_IFREG|0644, st_size=13104, ...}) = 0
mmap(NULL, 4096, PROT_READ|PROT_WRITE, MAP_PRIVATE|MAP_ANONYMOUS, -1, 0) = 0x7f1eb2a6b000
read(7, "\3\363\r\n+\301\30Pc\0\0\0\0\0\0\0\0\7\0\0\0@\0\0\0sS\2\0\0d\0"..., 4096) = 4096
fstat(7, {st_mode=S_IFREG|0644, st_size=13104, ...}) = 0
read(7, "efaults\6\0\0\0modules\4\0\0\0once(\7\0\0\0R"..., 8192) = 8192
read(7, "pyt\10\0\0\0__exit__c\1\0\0s\10\0\0\0\0\1\t\1\23\1\17\1"..., 4096) = 816
read(7, "", 4096)                       = 0
close(7)                                = 0
munmap(0x7f1eb2a6b000, 4096)            = 0
stat("/usr/lib/python2.7/linecache", 0x7fffe90acd10) = -1 ENOENT (No such file or directory)
open("/usr/lib/python2.7/linecache.so", O_RDONLY) = -1 ENOENT (No such file or directory)
open("/usr/lib/python2.7/linecachemodule.so", O_RDONLY) = -1 ENOENT (No such file or directory)
open("/usr/lib/python2.7/linecache.py", O_RDONLY) = 7
fstat(7, {st_mode=S_IFREG|0644, st_size=4118, ...}) = 0
open("/usr/lib/python2.7/linecache.pyc", O_RDONLY) = 8
fstat(8, {st_mode=S_IFREG|0644, st_size=3240, ...}) = 0
mmap(NULL, 4096, PROT_READ|PROT_WRITE, MAP_PRIVATE|MAP_ANONYMOUS, -1, 0) = 0x7f1eb2a6b000
read(8, "\3\363\r\n+\301\30Pc\0\0\0\0\0\0\0\0\3\0\0\0@\0\0\0sp\0\0\0d\0"..., 4096) = 3240
fstat(8, {st_mode=S_IFREG|0644, st_size=3240, ...}) = 0
read(8, "", 4096)                       = 0
close(8)                                = 0
munmap(0x7f1eb2a6b000, 4096)            = 0
close(7)                                = 0
stat("/usr/lib/python2.7/types", 0x7fffe90acd10) = -1 ENOENT (No such file or directory)
open("/usr/lib/python2.7/types.so", O_RDONLY) = -1 ENOENT (No such file or directory)
open("/usr/lib/python2.7/typesmodule.so", O_RDONLY) = -1 ENOENT (No such file or directory)
open("/usr/lib/python2.7/types.py", O_RDONLY) = 7
fstat(7, {st_mode=S_IFREG|0644, st_size=2040, ...}) = 0
open("/usr/lib/python2.7/types.pyc", O_RDONLY) = 8
fstat(8, {st_mode=S_IFREG|0644, st_size=2494, ...}) = 0
mmap(NULL, 4096, PROT_READ|PROT_WRITE, MAP_PRIVATE|MAP_ANONYMOUS, -1, 0) = 0x7f1eb2a6b000
read(8, "\3\363\r\n+\301\30Pc\0\0\0\0\0\0\0\0\5\0\0\0@\0\0\0s/\2\0\0d\0"..., 4096) = 2494
fstat(8, {st_mode=S_IFREG|0644, st_size=2494, ...}) = 0
read(8, "", 4096)                       = 0
close(8)                                = 0
munmap(0x7f1eb2a6b000, 4096)            = 0
close(7)                                = 0
close(6)                                = 0
close(5)                                = 0
stat("/usr/lib/python2.7/UserDict", 0x7fffe90b3930) = -1 ENOENT (No such file or directory)
open("/usr/lib/python2.7/UserDict.so", O_RDONLY) = -1 ENOENT (No such file or directory)
open("/usr/lib/python2.7/UserDictmodule.so", O_RDONLY) = -1 ENOENT (No such file or directory)
open("/usr/lib/python2.7/UserDict.py", O_RDONLY) = 5
fstat(5, {st_mode=S_IFREG|0644, st_size=5811, ...}) = 0
open("/usr/lib/python2.7/UserDict.pyc", O_RDONLY) = 6
fstat(6, {st_mode=S_IFREG|0644, st_size=8730, ...}) = 0
mmap(NULL, 4096, PROT_READ|PROT_WRITE, MAP_PRIVATE|MAP_ANONYMOUS, -1, 0) = 0x7f1eb2a6b000
read(6, "\3\363\r\n+\301\30Pc\0\0\0\0\0\0\0\0\3\0\0\0@\0\0\0sb\0\0\0d\0"..., 4096) = 4096
fstat(6, {st_mode=S_IFREG|0644, st_size=8730, ...}) = 0
read(6, "\0\1c\2\0\0\0\2\0\0\0\2\0\0\0C\0\0\0s\r\0\0\0|\1\0|\0\0j\0"..., 4096) = 4096
read(6, "/UserDict.pyR\r\0\0\0\255\0\0\0s\n\0\0\0\0\1\f\1\4\1"..., 4096) = 538
read(6, "", 4096)                       = 0
close(6)                                = 0
munmap(0x7f1eb2a6b000, 4096)            = 0
stat("/usr/lib/python2.7/_abcoll", 0x7fffe90b0320) = -1 ENOENT (No such file or directory)
open("/usr/lib/python2.7/_abcoll.so", O_RDONLY) = -1 ENOENT (No such file or directory)
open("/usr/lib/python2.7/_abcollmodule.so", O_RDONLY) = -1 ENOENT (No such file or directory)
open("/usr/lib/python2.7/_abcoll.py", O_RDONLY) = 6
fstat(6, {st_mode=S_IFREG|0644, st_size=14672, ...}) = 0
open("/usr/lib/python2.7/_abcoll.pyc", O_RDONLY) = 7
fstat(7, {st_mode=S_IFREG|0644, st_size=21725, ...}) = 0
mmap(NULL, 4096, PROT_READ|PROT_WRITE, MAP_PRIVATE|MAP_ANONYMOUS, -1, 0) = 0x7f1eb2a6b000
read(7, "\3\363\r\n+\301\30Pc\0\0\0\0\0\0\0\0\20\0\0\0@\0\0\0sI\2\0\0d\0"..., 4096) = 4096
fstat(7, {st_mode=S_IFREG|0644, st_size=21725, ...}) = 0
read(7, "C\0\0\0s&\0\0\0|\0\0t\0\0k\10\0r\"\0t\1\0|\1\0d\1\0\203\2"..., 16384) = 16384
read(7, "\30<q\35\0Wd\0\0S(\3\0\0\0Ni\2\0\0\0i\1\0\0\0(\2\0\0\0R"..., 4096) = 1245
read(7, "", 4096)                       = 0
mmap(NULL, 266240, PROT_READ|PROT_WRITE, MAP_PRIVATE|MAP_ANONYMOUS, -1, 0) = 0x7f1eb29f9000
close(7)                                = 0
munmap(0x7f1eb2a6b000, 4096)            = 0
stat("/usr/lib/python2.7/abc", 0x7fffe90acd10) = -1 ENOENT (No such file or directory)
open("/usr/lib/python2.7/abc.so", O_RDONLY) = -1 ENOENT (No such file or directory)
open("/usr/lib/python2.7/abcmodule.so", O_RDONLY) = -1 ENOENT (No such file or directory)
open("/usr/lib/python2.7/abc.py", O_RDONLY) = 7
fstat(7, {st_mode=S_IFREG|0644, st_size=7145, ...}) = 0
open("/usr/lib/python2.7/abc.pyc", O_RDONLY) = 8
fstat(8, {st_mode=S_IFREG|0644, st_size=6121, ...}) = 0
mmap(NULL, 4096, PROT_READ|PROT_WRITE, MAP_PRIVATE|MAP_ANONYMOUS, -1, 0) = 0x7f1eb2a6b000
read(8, "\3\363\r\n+\301\30Pc\0\0\0\0\0\0\0\0\3\0\0\0@\0\0\0s}\0\0\0d\0"..., 4096) = 4096
fstat(8, {st_mode=S_IFREG|0644, st_size=6121, ...}) = 0
read(8, "egisteri\0\0\0s\20\0\0\0\0\2\30\1\17\1\17\1\4\3\17\2\17\1\20\1"..., 4096) = 2025
read(8, "", 4096)                       = 0
close(8)                                = 0
munmap(0x7f1eb2a6b000, 4096)            = 0
stat("/usr/lib/python2.7/_weakrefset", 0x7fffe90a9700) = -1 ENOENT (No such file or directory)
open("/usr/lib/python2.7/_weakrefset.so", O_RDONLY) = -1 ENOENT (No such file or directory)
open("/usr/lib/python2.7/_weakrefsetmodule.so", O_RDONLY) = -1 ENOENT (No such file or directory)
open("/usr/lib/python2.7/_weakrefset.py", O_RDONLY) = 8
fstat(8, {st_mode=S_IFREG|0644, st_size=6389, ...}) = 0
open("/usr/lib/python2.7/_weakrefset.pyc", O_RDONLY) = 9
fstat(9, {st_mode=S_IFREG|0644, st_size=10190, ...}) = 0
mmap(NULL, 4096, PROT_READ|PROT_WRITE, MAP_PRIVATE|MAP_ANONYMOUS, -1, 0) = 0x7f1eb2a6b000
read(9, "\3\363\r\n+\301\30Pc\0\0\0\0\0\0\0\0\3\0\0\0@\0\0\0sI\0\0\0d\0"..., 4096) = 4096
fstat(9, {st_mode=S_IFREG|0644, st_size=10190, ...}) = 0
read(9, "\0\0\0C\0\0\0s0\0\0\0|\0\0j\0\0r\26\0|\0\0j\1\0\203\0\0\1n"..., 4096) = 4096
read(9, "on2.7/_weakrefset.pys\t\0\0\0<genexp"..., 4096) = 1998
read(9, "", 4096)                       = 0
close(9)                                = 0
munmap(0x7f1eb2a6b000, 4096)            = 0
close(8)                                = 0
close(7)                                = 0
brk(0x1614000)                          = 0x1614000
close(6)                                = 0
close(5)                                = 0
stat("/usr/lib/python2.7/copy_reg", 0x7fffe90b3930) = -1 ENOENT (No such file or directory)
open("/usr/lib/python2.7/copy_reg.so", O_RDONLY) = -1 ENOENT (No such file or directory)
open("/usr/lib/python2.7/copy_regmodule.so", O_RDONLY) = -1 ENOENT (No such file or directory)
open("/usr/lib/python2.7/copy_reg.py", O_RDONLY) = 5
fstat(5, {st_mode=S_IFREG|0644, st_size=6800, ...}) = 0
open("/usr/lib/python2.7/copy_reg.pyc", O_RDONLY) = 6
fstat(6, {st_mode=S_IFREG|0644, st_size=5091, ...}) = 0
mmap(NULL, 4096, PROT_READ|PROT_WRITE, MAP_PRIVATE|MAP_ANONYMOUS, -1, 0) = 0x7f1eb2a6b000
read(6, "\3\363\r\n+\301\30Pc\0\0\0\0\0\0\0\0\5\0\0\0@\0\0\0s\326\0\0\0d\0"..., 4096) = 4096
fstat(6, {st_mode=S_IFREG|0644, st_size=5091, ...}) = 0
read(6, "\0\0\0t\3\0\0\0intt\n\0\0\0ValueErrort\23\0\0\0_"..., 4096) = 995
read(6, "", 4096)                       = 0
close(6)                                = 0
munmap(0x7f1eb2a6b000, 4096)            = 0
close(5)                                = 0
close(4)                                = 0
stat("/usr/lib/python2.7/traceback", 0x7fffe90b6f40) = -1 ENOENT (No such file or directory)
open("/usr/lib/python2.7/traceback.so", O_RDONLY) = -1 ENOENT (No such file or directory)
open("/usr/lib/python2.7/tracebackmodule.so", O_RDONLY) = -1 ENOENT (No such file or directory)
open("/usr/lib/python2.7/traceback.py", O_RDONLY) = 4
fstat(4, {st_mode=S_IFREG|0644, st_size=11255, ...}) = 0
open("/usr/lib/python2.7/traceback.pyc", O_RDONLY) = 5
fstat(5, {st_mode=S_IFREG|0644, st_size=11583, ...}) = 0
mmap(NULL, 4096, PROT_READ|PROT_WRITE, MAP_PRIVATE|MAP_ANONYMOUS, -1, 0) = 0x7f1eb2a6b000
read(5, "\3\363\r\n+\301\30Pc\0\0\0\0\0\0\0\0\16\0\0\0@\0\0\0sB\1\0\0d\0"..., 4096) = 4096
fstat(5, {st_mode=S_IFREG|0644, st_size=11583, ...}) = 0
read(5, "R!\0\0\0i\0\0\0\0i\1\0\0\0N(\20\0\0\0R\24\0\0\0R\"\0\0\0R"..., 4096) = 4096
read(5, "Xd\1\0S(\2\0\0\0s\276\0\0\0Shorthand for 'pr"..., 4096) = 3391
read(5, "", 4096)                       = 0
close(5)                                = 0
munmap(0x7f1eb2a6b000, 4096)            = 0
close(4)                                = 0
geteuid()                               = 1000
getuid()                                = 1000
getegid()                               = 1000
getgid()                                = 1000
stat("/usr/lib/python2.7", {st_mode=S_IFDIR|0755, st_size=24576, ...}) = 0
stat("/usr/lib/python2.7", {st_mode=S_IFDIR|0755, st_size=24576, ...}) = 0
stat("/usr/lib/python2.7/sysconfig", 0x7fffe90b6a00) = -1 ENOENT (No such file or directory)
open("/usr/lib/python2.7/sysconfig.so", O_RDONLY) = -1 ENOENT (No such file or directory)
open("/usr/lib/python2.7/sysconfigmodule.so", O_RDONLY) = -1 ENOENT (No such file or directory)
open("/usr/lib/python2.7/sysconfig.py", O_RDONLY) = 4
fstat(4, {st_mode=S_IFREG|0644, st_size=28113, ...}) = 0
open("/usr/lib/python2.7/sysconfig.pyc", O_RDONLY) = 5
fstat(5, {st_mode=S_IFREG|0644, st_size=18805, ...}) = 0
mmap(NULL, 4096, PROT_READ|PROT_WRITE, MAP_PRIVATE|MAP_ANONYMOUS, -1, 0) = 0x7f1eb2a6b000
read(5, "\3\363\r\n+\301\30Pc\0\0\0\0\0\0\0\0\10\0\0\0@\0\0\0s(\5\0\0d\0"..., 4096) = 4096
fstat(5, {st_mode=S_IFREG|0644, st_size=18805, ...}) = 0
read(5, "e(\0\0\0\0(\0\0\0\0s\37\0\0\0/usr/lib/python2"..., 12288) = 12288
read(5, "4s\t\0\0\0win-amd64t\7\0\0\0itaniums\10\0\0\0"..., 4096) = 2421
read(5, "", 4096)                       = 0
close(5)                                = 0
munmap(0x7f1eb2a6b000, 4096)            = 0
lstat("/usr", {st_mode=S_IFDIR|0755, st_size=4096, ...}) = 0
lstat("/usr/bin", {st_mode=S_IFDIR|0755, st_size=69632, ...}) = 0
lstat("/usr/bin/python", {st_mode=S_IFLNK|0777, st_size=9, ...}) = 0
lstat("/usr/bin/python", {st_mode=S_IFLNK|0777, st_size=9, ...}) = 0
readlink("/usr/bin/python", "python2.7", 4096) = 9
lstat("/usr/bin/python2.7", {st_mode=S_IFREG|0755, st_size=2989480, ...}) = 0
lstat("/usr", {st_mode=S_IFDIR|0755, st_size=4096, ...}) = 0
lstat("/usr/bin", {st_mode=S_IFDIR|0755, st_size=69632, ...}) = 0
lstat("/usr/bin/python2.7", {st_mode=S_IFREG|0755, st_size=2989480, ...}) = 0
stat("/usr/bin/Modules/Setup.dist", 0x7fffe90b74a0) = -1 ENOENT (No such file or directory)
stat("/usr/bin/Modules/Setup.local", 0x7fffe90b74a0) = -1 ENOENT (No such file or directory)
close(4)                                = 0
stat("/usr/lib/python2.7/re", 0x7fffe90b66a0) = -1 ENOENT (No such file or directory)
open("/usr/lib/python2.7/re.so", O_RDONLY) = -1 ENOENT (No such file or directory)
open("/usr/lib/python2.7/remodule.so", O_RDONLY) = -1 ENOENT (No such file or directory)
open("/usr/lib/python2.7/re.py", O_RDONLY) = 4
fstat(4, {st_mode=S_IFREG|0644, st_size=12959, ...}) = 0
open("/usr/lib/python2.7/re.pyc", O_RDONLY) = 5
fstat(5, {st_mode=S_IFREG|0644, st_size=13052, ...}) = 0
mmap(NULL, 4096, PROT_READ|PROT_WRITE, MAP_PRIVATE|MAP_ANONYMOUS, -1, 0) = 0x7f1eb2a6b000
read(5, "\3\363\r\n+\301\30Pc\0\0\0\0\0\0\0\0\27\0\0\0@\0\0\0s'\2\0\0d\0"..., 4096) = 4096
fstat(5, {st_mode=S_IFREG|0644, st_size=13052, ...}) = 0
read(5, "  Match a regular expression pat"..., 8192) = 8192
read(5, "\1(\4\0\0\0t\10\0\0\0__name__t\n\0\0\0__module"..., 4096) = 764
read(5, "", 4096)                       = 0
close(5)                                = 0
munmap(0x7f1eb2a6b000, 4096)            = 0
stat("/usr/lib/python2.7/sre_compile", 0x7fffe90b3090) = -1 ENOENT (No such file or directory)
open("/usr/lib/python2.7/sre_compile.so", O_RDONLY) = -1 ENOENT (No such file or directory)
open("/usr/lib/python2.7/sre_compilemodule.so", O_RDONLY) = -1 ENOENT (No such file or directory)
open("/usr/lib/python2.7/sre_compile.py", O_RDONLY) = 5
fstat(5, {st_mode=S_IFREG|0644, st_size=16427, ...}) = 0
open("/usr/lib/python2.7/sre_compile.pyc", O_RDONLY) = 6
fstat(6, {st_mode=S_IFREG|0644, st_size=11029, ...}) = 0
mmap(NULL, 4096, PROT_READ|PROT_WRITE, MAP_PRIVATE|MAP_ANONYMOUS, -1, 0) = 0x7f1eb2a6b000
read(6, "\3\363\r\n+\301\30Pc\0\0\0\0\0\0\0\0\5\0\0\0@\0\0\0sn\1\0\0d\0"..., 4096) = 4096
fstat(6, {st_mode=S_IFREG|0644, st_size=11029, ...}) = 0
read(6, "\1\f\1\21\1\f\1\16\1\f\0\n\1\20\1\r\2\26\1\f\1\f\1\n\1\24\1\16\1\27\1\f"..., 4096) = 4096
read(6, "\4\0k\10\0rb\1|\t\0|\n\0|\v\0f\2\0\203\1\0\1q`\2|\n\0t\7"..., 4096) = 2837
read(6, "", 4096)                       = 0
close(6)                                = 0
munmap(0x7f1eb2a6b000, 4096)            = 0
stat("/usr/lib/python2.7/sre_parse", 0x7fffe90afa80) = -1 ENOENT (No such file or directory)
open("/usr/lib/python2.7/sre_parse.so", O_RDONLY) = -1 ENOENT (No such file or directory)
open("/usr/lib/python2.7/sre_parsemodule.so", O_RDONLY) = -1 ENOENT (No such file or directory)
open("/usr/lib/python2.7/sre_parse.py", O_RDONLY) = 6
fstat(6, {st_mode=S_IFREG|0644, st_size=26798, ...}) = 0
open("/usr/lib/python2.7/sre_parse.pyc", O_RDONLY) = 7
fstat(7, {st_mode=S_IFREG|0644, st_size=19028, ...}) = 0
mmap(NULL, 4096, PROT_READ|PROT_WRITE, MAP_PRIVATE|MAP_ANONYMOUS, -1, 0) = 0x7f1eb2a6b000
read(7, "\3\363\r\n+\301\30Pc\0\0\0\0\0\0\0\0\4\0\0\0@\0\0\0s\312\2\0\0d\0"..., 4096) = 4096
fstat(7, {st_mode=S_IFREG|0644, st_size=19028, ...}) = 0
read(7, "\3\0\0\0\3\0\0\0\3\0\0\0C\0\0\0s\27\0\0\0|\0\0j\0\0j\1\0|\1"..., 12288) = 12288
read(7, "q\234\1\4t\r\0k\n\0r\227\1\1\1\1t\16\0d\16\0\202\2\0q\234\1Xn\1\0"..., 4096) = 2644
read(7, "", 4096)                       = 0
close(7)                                = 0
munmap(0x7f1eb2a6b000, 4096)            = 0
stat("/usr/lib/python2.7/sre_constants", 0x7fffe90ac470) = -1 ENOENT (No such file or directory)
open("/usr/lib/python2.7/sre_constants.so", O_RDONLY) = -1 ENOENT (No such file or directory)
open("/usr/lib/python2.7/sre_constantsmodule.so", O_RDONLY) = -1 ENOENT (No such file or directory)
open("/usr/lib/python2.7/sre_constants.py", O_RDONLY) = 7
fstat(7, {st_mode=S_IFREG|0644, st_size=7137, ...}) = 0
open("/usr/lib/python2.7/sre_constants.pyc", O_RDONLY) = 8
fstat(8, {st_mode=S_IFREG|0644, st_size=6078, ...}) = 0
mmap(NULL, 4096, PROT_READ|PROT_WRITE, MAP_PRIVATE|MAP_ANONYMOUS, -1, 0) = 0x7f1eb2a6b000
read(8, "\3\363\r\n+\301\30Pc\0\0\0\0\0\0\0\0 \0\0\0@\0\0\0s\357\4\0\0d\0"..., 4096) = 4096
fstat(8, {st_mode=S_IFREG|0644, st_size=6078, ...}) = 0
read(8, "`\0\0\0t\7\0\0\0__doc__t\5\0\0\0MAGICt\t\0\0\0M"..., 4096) = 1982
read(8, "", 4096)                       = 0
close(8)                                = 0
munmap(0x7f1eb2a6b000, 4096)            = 0
brk(0x1635000)                          = 0x1635000
close(7)                                = 0
mmap(NULL, 266240, PROT_READ|PROT_WRITE, MAP_PRIVATE|MAP_ANONYMOUS, -1, 0) = 0x7f1eb29b8000
close(6)                                = 0
close(5)                                = 0
close(4)                                = 0
open("/usr/lib/python2.7/config/Makefile", O_RDONLY) = 4
fstat(4, {st_mode=S_IFREG|0644, st_size=53972, ...}) = 0
fstat(4, {st_mode=S_IFREG|0644, st_size=53972, ...}) = 0
mmap(NULL, 4096, PROT_READ|PROT_WRITE, MAP_PRIVATE|MAP_ANONYMOUS, -1, 0) = 0x7f1eb29b7000
read(4, "# Generated automatically from M"..., 8192) = 8192
read(4, "#############################\n# "..., 4096) = 4096
read(4, "MAKE) all PY_CFLAGS=\"$(PY_CFLAGS"..., 4096) = 4096
read(4, ".\n$(DLLLIBRARY) libpython$(VERSI"..., 4096) = 4096
read(4, "Python/formatter_unicode.o: $(sr"..., 4096) = 4096
read(4, "\t\tpybuildbot.identify \"CC='$(CC)"..., 4096) = 4096
read(4, "lib-scriptpackages/StdSuites \\\n\t"..., 4096) = 4096
read(4, "s here, as the completely-expand"..., 4096) = 4096
read(4, "l: install\n\n# On install, we re-"..., 4096) = 4096
read(4, "-- clean leaves libraries, execu"..., 4096) = 4096
read(4, ".o; $(BLDSHARED)  Modules/arraym"..., 4096) = 4096
read(4, "BLDSHARED)  Modules/spwdmodule.o"..., 4096) = 4096
read(4, "pimport.c; $(CC) $(PY_CORE_CFLAG"..., 4096) = 724
read(4, "", 4096)                       = 0
close(4)                                = 0
munmap(0x7f1eb29b7000, 4096)            = 0
open("/usr/include/python2.7/pyconfig.h", O_RDONLY) = 4
fstat(4, {st_mode=S_IFREG|0644, st_size=35970, ...}) = 0
fstat(4, {st_mode=S_IFREG|0644, st_size=35970, ...}) = 0
mmap(NULL, 4096, PROT_READ|PROT_WRITE, MAP_PRIVATE|MAP_ANONYMOUS, -1, 0) = 0x7f1eb29b7000
read(4, "/* pyconfig.h.  Generated from p"..., 4096) = 4096
read(4, "IS_TERM_RESIZED 1\n\n/* Define if "..., 4096) = 4096
read(4, "3_ARG */\n\n/* Define this if you "..., 4096) = 4096
read(4, "*/\n#define HAVE_LINUX_NETLINK_H "..., 4096) = 4096
brk(0x1659000)                          = 0x1659000
read(4, "\n/* Define if you have the 'setg"..., 4096) = 4096
read(4, "/* Define to 1 if you have the <"..., 4096) = 4096
read(4, "efine to 1 if you have the `utim"..., 4096) = 4096
read(4, "e SIZEOF_TIME_T 8\n\n/* The size o"..., 4096) = 4096
read(4, "\n\n/* Define to 2 if the system d"..., 4096) = 3202
read(4, "", 4096)                       = 0
close(4)                                = 0
munmap(0x7f1eb29b7000, 4096)            = 0
stat("/home/robotregent/.local/lib/python2.7/site-packages", 0x7fffe90baea0) = -1 ENOENT (No such file or directory)
stat("/home/robotregent/.local/local/lib/python2.7/dist-packages", 0x7fffe90baea0) = -1 ENOENT (No such file or directory)
stat("/home/robotregent/.local/lib/python2.7/dist-packages", 0x7fffe90baea0) = -1 ENOENT (No such file or directory)
stat("/usr/local/lib/python2.7/dist-packages", {st_mode=S_IFDIR|S_ISGID|0775, st_size=4096, ...}) = 0
openat(AT_FDCWD, "/usr/local/lib/python2.7/dist-packages", O_RDONLY|O_NONBLOCK|O_DIRECTORY|O_CLOEXEC) = 4
getdents(4, /* 2 entries */, 32768)     = 48
getdents(4, /* 0 entries */, 32768)     = 0
close(4)                                = 0
stat("/usr/lib/python2.7/dist-packages", {st_mode=S_IFDIR|0755, st_size=12288, ...}) = 0
openat(AT_FDCWD, "/usr/lib/python2.7/dist-packages", O_RDONLY|O_NONBLOCK|O_DIRECTORY|O_CLOEXEC) = 4
getdents(4, /* 264 entries */, 32768)   = 10168
getdents(4, /* 0 entries */, 32768)     = 0
close(4)                                = 0
open("/usr/lib/python2.7/dist-packages/PIL.pth", O_RDONLY) = 4
fstat(4, {st_mode=S_IFREG|0644, st_size=4, ...}) = 0
fstat(4, {st_mode=S_IFREG|0644, st_size=4, ...}) = 0
mmap(NULL, 4096, PROT_READ|PROT_WRITE, MAP_PRIVATE|MAP_ANONYMOUS, -1, 0) = 0x7f1eb29b7000
read(4, "PIL\n", 8192)                  = 4
read(4, "", 4096)                       = 0
stat("/usr/lib/python2.7/dist-packages/PIL", {st_mode=S_IFDIR|0755, st_size=12288, ...}) = 0
read(4, "", 8192)                       = 0
close(4)                                = 0
munmap(0x7f1eb29b7000, 4096)            = 0
open("/usr/lib/python2.7/dist-packages/gtk-2.0-pysupport-compat.pth", O_RDONLY) = 4
fstat(4, {st_mode=S_IFREG|0644, st_size=38, ...}) = 0
fstat(4, {st_mode=S_IFREG|0644, st_size=38, ...}) = 0
mmap(NULL, 4096, PROT_READ|PROT_WRITE, MAP_PRIVATE|MAP_ANONYMOUS, -1, 0) = 0x7f1eb29b7000
read(4, "/usr/lib/pymodules/python2.7/gtk"..., 8192) = 38
read(4, "", 4096)                       = 0
stat("/usr/lib/pymodules/python2.7/gtk-2.0", 0x7fffe90baa80) = -1 ENOENT (No such file or directory)
read(4, "", 8192)                       = 0
close(4)                                = 0
munmap(0x7f1eb29b7000, 4096)            = 0
open("/usr/lib/python2.7/dist-packages/lazr.restfulclient-0.12.0-nspkg.pth", O_RDONLY) = 4
fstat(4, {st_mode=S_IFREG|0644, st_size=301, ...}) = 0
fstat(4, {st_mode=S_IFREG|0644, st_size=301, ...}) = 0
mmap(NULL, 4096, PROT_READ|PROT_WRITE, MAP_PRIVATE|MAP_ANONYMOUS, -1, 0) = 0x7f1eb29b7000
read(4, "import sys,types,os; p = os.path"..., 8192) = 301
read(4, "", 4096)                       = 0
stat("/usr/lib/python2.7/dist-packages/lazr/__init__.py", {st_mode=S_IFREG|0644, st_size=0, ...}) = 0
read(4, "", 8192)                       = 0
close(4)                                = 0
munmap(0x7f1eb29b7000, 4096)            = 0
open("/usr/lib/python2.7/dist-packages/lazr.uri-1.0.3-nspkg.pth", O_RDONLY) = 4
fstat(4, {st_mode=S_IFREG|0644, st_size=301, ...}) = 0
fstat(4, {st_mode=S_IFREG|0644, st_size=301, ...}) = 0
mmap(NULL, 4096, PROT_READ|PROT_WRITE, MAP_PRIVATE|MAP_ANONYMOUS, -1, 0) = 0x7f1eb29b7000
read(4, "import sys,types,os; p = os.path"..., 8192) = 301
read(4, "", 4096)                       = 0
stat("/usr/lib/python2.7/dist-packages/lazr/__init__.py", {st_mode=S_IFREG|0644, st_size=0, ...}) = 0
read(4, "", 8192)                       = 0
close(4)                                = 0
munmap(0x7f1eb29b7000, 4096)            = 0
open("/usr/lib/python2.7/dist-packages/pygst.pth", O_RDONLY) = 4
fstat(4, {st_mode=S_IFREG|0644, st_size=9, ...}) = 0
fstat(4, {st_mode=S_IFREG|0644, st_size=9, ...}) = 0
mmap(NULL, 4096, PROT_READ|PROT_WRITE, MAP_PRIVATE|MAP_ANONYMOUS, -1, 0) = 0x7f1eb29b7000
read(4, "gst-0.10\n", 8192)             = 9
read(4, "", 4096)                       = 0
stat("/usr/lib/python2.7/dist-packages/gst-0.10", {st_mode=S_IFDIR|0755, st_size=4096, ...}) = 0
read(4, "", 8192)                       = 0
close(4)                                = 0
munmap(0x7f1eb29b7000, 4096)            = 0
open("/usr/lib/python2.7/dist-packages/pygtk.pth", O_RDONLY) = 4
fstat(4, {st_mode=S_IFREG|0644, st_size=8, ...}) = 0
fstat(4, {st_mode=S_IFREG|0644, st_size=8, ...}) = 0
mmap(NULL, 4096, PROT_READ|PROT_WRITE, MAP_PRIVATE|MAP_ANONYMOUS, -1, 0) = 0x7f1eb29b7000
read(4, "gtk-2.0\n", 8192)              = 8
read(4, "", 4096)                       = 0
stat("/usr/lib/python2.7/dist-packages/gtk-2.0", {st_mode=S_IFDIR|0755, st_size=4096, ...}) = 0
read(4, "", 8192)                       = 0
close(4)                                = 0
munmap(0x7f1eb29b7000, 4096)            = 0
open("/usr/lib/python2.7/dist-packages/python-support.pth", O_RDONLY) = -1 ENOENT (No such file or directory)
open("/usr/lib/python2.7/dist-packages/ubuntu-sso-client.pth", O_RDONLY) = 4
fstat(4, {st_mode=S_IFREG|0644, st_size=18, ...}) = 0
fstat(4, {st_mode=S_IFREG|0644, st_size=18, ...}) = 0
mmap(NULL, 4096, PROT_READ|PROT_WRITE, MAP_PRIVATE|MAP_ANONYMOUS, -1, 0) = 0x7f1eb29b7000
read(4, "ubuntu-sso-client\n", 8192)    = 18
read(4, "", 4096)                       = 0
stat("/usr/lib/python2.7/dist-packages/ubuntu-sso-client", {st_mode=S_IFDIR|0755, st_size=4096, ...}) = 0
read(4, "", 8192)                       = 0
close(4)                                = 0
munmap(0x7f1eb29b7000, 4096)            = 0
open("/usr/lib/python2.7/dist-packages/ubuntuone-client.pth", O_RDONLY) = 4
fstat(4, {st_mode=S_IFREG|0644, st_size=17, ...}) = 0
fstat(4, {st_mode=S_IFREG|0644, st_size=17, ...}) = 0
mmap(NULL, 4096, PROT_READ|PROT_WRITE, MAP_PRIVATE|MAP_ANONYMOUS, -1, 0) = 0x7f1eb29b7000
read(4, "ubuntuone-client\n", 8192)     = 17
read(4, "", 4096)                       = 0
stat("/usr/lib/python2.7/dist-packages/ubuntuone-client", {st_mode=S_IFDIR|0755, st_size=4096, ...}) = 0
read(4, "", 8192)                       = 0
close(4)                                = 0
munmap(0x7f1eb29b7000, 4096)            = 0
open("/usr/lib/python2.7/dist-packages/ubuntuone-control-panel.pth", O_RDONLY) = 4
fstat(4, {st_mode=S_IFREG|0644, st_size=24, ...}) = 0
fstat(4, {st_mode=S_IFREG|0644, st_size=24, ...}) = 0
mmap(NULL, 4096, PROT_READ|PROT_WRITE, MAP_PRIVATE|MAP_ANONYMOUS, -1, 0) = 0x7f1eb29b7000
read(4, "ubuntuone-control-panel\n", 8192) = 24
read(4, "", 4096)                       = 0
stat("/usr/lib/python2.7/dist-packages/ubuntuone-control-panel", {st_mode=S_IFDIR|0755, st_size=4096, ...}) = 0
read(4, "", 8192)                       = 0
close(4)                                = 0
munmap(0x7f1eb29b7000, 4096)            = 0
open("/usr/lib/python2.7/dist-packages/ubuntuone-couch.pth", O_RDONLY) = 4
fstat(4, {st_mode=S_IFREG|0644, st_size=16, ...}) = 0
fstat(4, {st_mode=S_IFREG|0644, st_size=16, ...}) = 0
mmap(NULL, 4096, PROT_READ|PROT_WRITE, MAP_PRIVATE|MAP_ANONYMOUS, -1, 0) = 0x7f1eb29b7000
read(4, "ubuntuone-couch\n", 8192)      = 16
read(4, "", 4096)                       = 0
stat("/usr/lib/python2.7/dist-packages/ubuntuone-couch", {st_mode=S_IFDIR|0755, st_size=4096, ...}) = 0
read(4, "", 8192)                       = 0
close(4)                                = 0
munmap(0x7f1eb29b7000, 4096)            = 0
open("/usr/lib/python2.7/dist-packages/ubuntuone-installer.pth", O_RDONLY) = 4
fstat(4, {st_mode=S_IFREG|0644, st_size=20, ...}) = 0
fstat(4, {st_mode=S_IFREG|0644, st_size=20, ...}) = 0
mmap(NULL, 4096, PROT_READ|PROT_WRITE, MAP_PRIVATE|MAP_ANONYMOUS, -1, 0) = 0x7f1eb29b7000
read(4, "ubuntuone-installer\n", 8192)  = 20
read(4, "", 4096)                       = 0
stat("/usr/lib/python2.7/dist-packages/ubuntuone-installer", {st_mode=S_IFDIR|0755, st_size=4096, ...}) = 0
read(4, "", 8192)                       = 0
close(4)                                = 0
munmap(0x7f1eb29b7000, 4096)            = 0
open("/usr/lib/python2.7/dist-packages/ubuntuone-storage-protocol.pth", O_RDONLY) = 4
fstat(4, {st_mode=S_IFREG|0644, st_size=27, ...}) = 0
fstat(4, {st_mode=S_IFREG|0644, st_size=27, ...}) = 0
mmap(NULL, 4096, PROT_READ|PROT_WRITE, MAP_PRIVATE|MAP_ANONYMOUS, -1, 0) = 0x7f1eb29b7000
read(4, "ubuntuone-storage-protocol\n", 8192) = 27
read(4, "", 4096)                       = 0
stat("/usr/lib/python2.7/dist-packages/ubuntuone-storage-protocol", {st_mode=S_IFDIR|0755, st_size=4096, ...}) = 0
read(4, "", 8192)                       = 0
close(4)                                = 0
munmap(0x7f1eb29b7000, 4096)            = 0
open("/usr/lib/python2.7/dist-packages/zope.interface-3.6.1-nspkg.pth", O_RDONLY) = 4
fstat(4, {st_mode=S_IFREG|0644, st_size=301, ...}) = 0
fstat(4, {st_mode=S_IFREG|0644, st_size=301, ...}) = 0
mmap(NULL, 4096, PROT_READ|PROT_WRITE, MAP_PRIVATE|MAP_ANONYMOUS, -1, 0) = 0x7f1eb29b7000
read(4, "import sys,types,os; p = os.path"..., 8192) = 301
read(4, "", 4096)                       = 0
stat("/usr/lib/python2.7/dist-packages/zope/__init__.py", {st_mode=S_IFREG|0644, st_size=200, ...}) = 0
read(4, "", 8192)                       = 0
close(4)                                = 0
munmap(0x7f1eb29b7000, 4096)            = 0
stat("/usr/lib/python2.7/sitecustomize", 0x7fffe90b6ca0) = -1 ENOENT (No such file or directory)
open("/usr/lib/python2.7/sitecustomize.so", O_RDONLY) = -1 ENOENT (No such file or directory)
open("/usr/lib/python2.7/sitecustomizemodule.so", O_RDONLY) = -1 ENOENT (No such file or directory)
open("/usr/lib/python2.7/sitecustomize.py", O_RDONLY) = 4
fstat(4, {st_mode=S_IFREG|0644, st_size=155, ...}) = 0
open("/usr/lib/python2.7/sitecustomize.pyc", O_RDONLY) = 5
fstat(5, {st_mode=S_IFREG|0644, st_size=232, ...}) = 0
mmap(NULL, 4096, PROT_READ|PROT_WRITE, MAP_PRIVATE|MAP_ANONYMOUS, -1, 0) = 0x7f1eb29b7000
read(5, "\3\363\r\n\317\362\221Oc\0\0\0\0\0\0\0\0\5\0\0\0@\0\0\0s2\0\0\0y\20"..., 4096) = 232
fstat(5, {st_mode=S_IFREG|0644, st_size=232, ...}) = 0
read(5, "", 4096)                       = 0
close(5)                                = 0
munmap(0x7f1eb29b7000, 4096)            = 0
stat("/usr/lib/python2.7/apport_python_hook", 0x7fffe90b3690) = -1 ENOENT (No such file or directory)
open("/usr/lib/python2.7/apport_python_hook.so", O_RDONLY) = -1 ENOENT (No such file or directory)
open("/usr/lib/python2.7/apport_python_hookmodule.so", O_RDONLY) = -1 ENOENT (No such file or directory)
open("/usr/lib/python2.7/apport_python_hook.py", O_RDONLY) = -1 ENOENT (No such file or directory)
open("/usr/lib/python2.7/apport_python_hook.pyc", O_RDONLY) = -1 ENOENT (No such file or directory)
stat("/usr/lib/python2.7/plat-linux2", {st_mode=S_IFDIR|0755, st_size=4096, ...}) = 0
stat("/usr/lib/python2.7/plat-linux2", {st_mode=S_IFDIR|0755, st_size=4096, ...}) = 0
stat("/usr/lib/python2.7/plat-linux2/apport_python_hook", 0x7fffe90b3690) = -1 ENOENT (No such file or directory)
open("/usr/lib/python2.7/plat-linux2/apport_python_hook.so", O_RDONLY) = -1 ENOENT (No such file or directory)
open("/usr/lib/python2.7/plat-linux2/apport_python_hookmodule.so", O_RDONLY) = -1 ENOENT (No such file or directory)
open("/usr/lib/python2.7/plat-linux2/apport_python_hook.py", O_RDONLY) = -1 ENOENT (No such file or directory)
open("/usr/lib/python2.7/plat-linux2/apport_python_hook.pyc", O_RDONLY) = -1 ENOENT (No such file or directory)
stat("/usr/lib/python2.7/lib-tk", {st_mode=S_IFDIR|0755, st_size=4096, ...}) = 0
stat("/usr/lib/python2.7/lib-tk", {st_mode=S_IFDIR|0755, st_size=4096, ...}) = 0
stat("/usr/lib/python2.7/lib-tk/apport_python_hook", 0x7fffe90b3690) = -1 ENOENT (No such file or directory)
open("/usr/lib/python2.7/lib-tk/apport_python_hook.so", O_RDONLY) = -1 ENOENT (No such file or directory)
open("/usr/lib/python2.7/lib-tk/apport_python_hookmodule.so", O_RDONLY) = -1 ENOENT (No such file or directory)
open("/usr/lib/python2.7/lib-tk/apport_python_hook.py", O_RDONLY) = -1 ENOENT (No such file or directory)
open("/usr/lib/python2.7/lib-tk/apport_python_hook.pyc", O_RDONLY) = -1 ENOENT (No such file or directory)
stat("/usr/lib/python2.7/lib-old", 0x7fffe90b0350) = -1 ENOENT (No such file or directory)
stat("/usr/lib/python2.7", {st_mode=S_IFDIR|0755, st_size=24576, ...}) = 0
stat("/usr/lib/python2.7/lib-old", 0x7fffe90b33c0) = -1 ENOENT (No such file or directory)
stat("/usr/lib/python2.7/lib-dynload", {st_mode=S_IFDIR|0755, st_size=4096, ...}) = 0
stat("/usr/lib/python2.7/lib-dynload", {st_mode=S_IFDIR|0755, st_size=4096, ...}) = 0
stat("/usr/lib/python2.7/lib-dynload/apport_python_hook", 0x7fffe90b3690) = -1 ENOENT (No such file or directory)
open("/usr/lib/python2.7/lib-dynload/apport_python_hook.so", O_RDONLY) = -1 ENOENT (No such file or directory)
open("/usr/lib/python2.7/lib-dynload/apport_python_hookmodule.so", O_RDONLY) = -1 ENOENT (No such file or directory)
open("/usr/lib/python2.7/lib-dynload/apport_python_hook.py", O_RDONLY) = -1 ENOENT (No such file or directory)
open("/usr/lib/python2.7/lib-dynload/apport_python_hook.pyc", O_RDONLY) = -1 ENOENT (No such file or directory)
stat("/usr/local/lib/python2.7/dist-packages", {st_mode=S_IFDIR|S_ISGID|0775, st_size=4096, ...}) = 0
stat("/usr/local/lib/python2.7/dist-packages", {st_mode=S_IFDIR|S_ISGID|0775, st_size=4096, ...}) = 0
stat("/usr/local/lib/python2.7/dist-packages/apport_python_hook", 0x7fffe90b3690) = -1 ENOENT (No such file or directory)
open("/usr/local/lib/python2.7/dist-packages/apport_python_hook.so", O_RDONLY) = -1 ENOENT (No such file or directory)
open("/usr/local/lib/python2.7/dist-packages/apport_python_hookmodule.so", O_RDONLY) = -1 ENOENT (No such file or directory)
open("/usr/local/lib/python2.7/dist-packages/apport_python_hook.py", O_RDONLY) = -1 ENOENT (No such file or directory)
open("/usr/local/lib/python2.7/dist-packages/apport_python_hook.pyc", O_RDONLY) = -1 ENOENT (No such file or directory)
stat("/usr/lib/python2.7/dist-packages", {st_mode=S_IFDIR|0755, st_size=12288, ...}) = 0
stat("/usr/lib/python2.7/dist-packages", {st_mode=S_IFDIR|0755, st_size=12288, ...}) = 0
stat("/usr/lib/python2.7/dist-packages/apport_python_hook", 0x7fffe90b3690) = -1 ENOENT (No such file or directory)
open("/usr/lib/python2.7/dist-packages/apport_python_hook.so", O_RDONLY) = -1 ENOENT (No such file or directory)
open("/usr/lib/python2.7/dist-packages/apport_python_hookmodule.so", O_RDONLY) = -1 ENOENT (No such file or directory)
open("/usr/lib/python2.7/dist-packages/apport_python_hook.py", O_RDONLY) = 5
fstat(5, {st_mode=S_IFREG|0644, st_size=5337, ...}) = 0
open("/usr/lib/python2.7/dist-packages/apport_python_hook.pyc", O_RDONLY) = 6
fstat(6, {st_mode=S_IFREG|0644, st_size=3271, ...}) = 0
mmap(NULL, 4096, PROT_READ|PROT_WRITE, MAP_PRIVATE|MAP_ANONYMOUS, -1, 0) = 0x7f1eb29b7000
read(6, "\3\363\r\n\237>FPc\0\0\0\0\0\0\0\0\2\0\0\0@\0\0\0sC\0\0\0d\0"..., 4096) = 3271
fstat(6, {st_mode=S_IFREG|0644, st_size=3271, ...}) = 0
read(6, "", 4096)                       = 0
close(6)                                = 0
munmap(0x7f1eb29b7000, 4096)            = 0
close(5)                                = 0
close(4)                                = 0
stat("/usr/lib/python2.7/usercustomize", 0x7fffe90b6ca0) = -1 ENOENT (No such file or directory)
open("/usr/lib/python2.7/usercustomize.so", O_RDONLY) = -1 ENOENT (No such file or directory)
open("/usr/lib/python2.7/usercustomizemodule.so", O_RDONLY) = -1 ENOENT (No such file or directory)
open("/usr/lib/python2.7/usercustomize.py", O_RDONLY) = -1 ENOENT (No such file or directory)
open("/usr/lib/python2.7/usercustomize.pyc", O_RDONLY) = -1 ENOENT (No such file or directory)
stat("/usr/lib/python2.7/plat-linux2/usercustomize", 0x7fffe90b6ca0) = -1 ENOENT (No such file or directory)
open("/usr/lib/python2.7/plat-linux2/usercustomize.so", O_RDONLY) = -1 ENOENT (No such file or directory)
open("/usr/lib/python2.7/plat-linux2/usercustomizemodule.so", O_RDONLY) = -1 ENOENT (No such file or directory)
open("/usr/lib/python2.7/plat-linux2/usercustomize.py", O_RDONLY) = -1 ENOENT (No such file or directory)
open("/usr/lib/python2.7/plat-linux2/usercustomize.pyc", O_RDONLY) = -1 ENOENT (No such file or directory)
stat("/usr/lib/python2.7/lib-tk/usercustomize", 0x7fffe90b6ca0) = -1 ENOENT (No such file or directory)
open("/usr/lib/python2.7/lib-tk/usercustomize.so", O_RDONLY) = -1 ENOENT (No such file or directory)
open("/usr/lib/python2.7/lib-tk/usercustomizemodule.so", O_RDONLY) = -1 ENOENT (No such file or directory)
open("/usr/lib/python2.7/lib-tk/usercustomize.py", O_RDONLY) = -1 ENOENT (No such file or directory)
open("/usr/lib/python2.7/lib-tk/usercustomize.pyc", O_RDONLY) = -1 ENOENT (No such file or directory)
stat("/usr/lib/python2.7/lib-dynload/usercustomize", 0x7fffe90b6ca0) = -1 ENOENT (No such file or directory)
open("/usr/lib/python2.7/lib-dynload/usercustomize.so", O_RDONLY) = -1 ENOENT (No such file or directory)
open("/usr/lib/python2.7/lib-dynload/usercustomizemodule.so", O_RDONLY) = -1 ENOENT (No such file or directory)
open("/usr/lib/python2.7/lib-dynload/usercustomize.py", O_RDONLY) = -1 ENOENT (No such file or directory)
open("/usr/lib/python2.7/lib-dynload/usercustomize.pyc", O_RDONLY) = -1 ENOENT (No such file or directory)
stat("/usr/local/lib/python2.7/dist-packages/usercustomize", 0x7fffe90b6ca0) = -1 ENOENT (No such file or directory)
open("/usr/local/lib/python2.7/dist-packages/usercustomize.so", O_RDONLY) = -1 ENOENT (No such file or directory)
open("/usr/local/lib/python2.7/dist-packages/usercustomizemodule.so", O_RDONLY) = -1 ENOENT (No such file or directory)
open("/usr/local/lib/python2.7/dist-packages/usercustomize.py", O_RDONLY) = -1 ENOENT (No such file or directory)
open("/usr/local/lib/python2.7/dist-packages/usercustomize.pyc", O_RDONLY) = -1 ENOENT (No such file or directory)
stat("/usr/lib/python2.7/dist-packages/usercustomize", 0x7fffe90b6ca0) = -1 ENOENT (No such file or directory)
open("/usr/lib/python2.7/dist-packages/usercustomize.so", O_RDONLY) = -1 ENOENT (No such file or directory)
open("/usr/lib/python2.7/dist-packages/usercustomizemodule.so", O_RDONLY) = -1 ENOENT (No such file or directory)
open("/usr/lib/python2.7/dist-packages/usercustomize.py", O_RDONLY) = -1 ENOENT (No such file or directory)
open("/usr/lib/python2.7/dist-packages/usercustomize.pyc", O_RDONLY) = -1 ENOENT (No such file or directory)
stat("/usr/lib/python2.7/dist-packages/PIL", {st_mode=S_IFDIR|0755, st_size=12288, ...}) = 0
stat("/usr/lib/python2.7/dist-packages/PIL", {st_mode=S_IFDIR|0755, st_size=12288, ...}) = 0
stat("/usr/lib/python2.7/dist-packages/PIL/usercustomize", 0x7fffe90b6ca0) = -1 ENOENT (No such file or directory)
open("/usr/lib/python2.7/dist-packages/PIL/usercustomize.so", O_RDONLY) = -1 ENOENT (No such file or directory)
open("/usr/lib/python2.7/dist-packages/PIL/usercustomizemodule.so", O_RDONLY) = -1 ENOENT (No such file or directory)
open("/usr/lib/python2.7/dist-packages/PIL/usercustomize.py", O_RDONLY) = -1 ENOENT (No such file or directory)
open("/usr/lib/python2.7/dist-packages/PIL/usercustomize.pyc", O_RDONLY) = -1 ENOENT (No such file or directory)
stat("/usr/lib/python2.7/dist-packages/gst-0.10", {st_mode=S_IFDIR|0755, st_size=4096, ...}) = 0
stat("/usr/lib/python2.7/dist-packages/gst-0.10", {st_mode=S_IFDIR|0755, st_size=4096, ...}) = 0
stat("/usr/lib/python2.7/dist-packages/gst-0.10/usercustomize", 0x7fffe90b6ca0) = -1 ENOENT (No such file or directory)
open("/usr/lib/python2.7/dist-packages/gst-0.10/usercustomize.so", O_RDONLY) = -1 ENOENT (No such file or directory)
open("/usr/lib/python2.7/dist-packages/gst-0.10/usercustomizemodule.so", O_RDONLY) = -1 ENOENT (No such file or directory)
open("/usr/lib/python2.7/dist-packages/gst-0.10/usercustomize.py", O_RDONLY) = -1 ENOENT (No such file or directory)
open("/usr/lib/python2.7/dist-packages/gst-0.10/usercustomize.pyc", O_RDONLY) = -1 ENOENT (No such file or directory)
stat("/usr/lib/python2.7/dist-packages/gtk-2.0", {st_mode=S_IFDIR|0755, st_size=4096, ...}) = 0
stat("/usr/lib/python2.7/dist-packages/gtk-2.0", {st_mode=S_IFDIR|0755, st_size=4096, ...}) = 0
stat("/usr/lib/python2.7/dist-packages/gtk-2.0/usercustomize", 0x7fffe90b6ca0) = -1 ENOENT (No such file or directory)
open("/usr/lib/python2.7/dist-packages/gtk-2.0/usercustomize.so", O_RDONLY) = -1 ENOENT (No such file or directory)
open("/usr/lib/python2.7/dist-packages/gtk-2.0/usercustomizemodule.so", O_RDONLY) = -1 ENOENT (No such file or directory)
open("/usr/lib/python2.7/dist-packages/gtk-2.0/usercustomize.py", O_RDONLY) = -1 ENOENT (No such file or directory)
open("/usr/lib/python2.7/dist-packages/gtk-2.0/usercustomize.pyc", O_RDONLY) = -1 ENOENT (No such file or directory)
stat("/usr/lib/python2.7/dist-packages/ubuntu-sso-client", {st_mode=S_IFDIR|0755, st_size=4096, ...}) = 0
stat("/usr/lib/python2.7/dist-packages/ubuntu-sso-client", {st_mode=S_IFDIR|0755, st_size=4096, ...}) = 0
stat("/usr/lib/python2.7/dist-packages/ubuntu-sso-client/usercustomize", 0x7fffe90b6ca0) = -1 ENOENT (No such file or directory)
open("/usr/lib/python2.7/dist-packages/ubuntu-sso-client/usercustomize.so", O_RDONLY) = -1 ENOENT (No such file or directory)
open("/usr/lib/python2.7/dist-packages/ubuntu-sso-client/usercustomizemodule.so", O_RDONLY) = -1 ENOENT (No such file or directory)
open("/usr/lib/python2.7/dist-packages/ubuntu-sso-client/usercustomize.py", O_RDONLY) = -1 ENOENT (No such file or directory)
open("/usr/lib/python2.7/dist-packages/ubuntu-sso-client/usercustomize.pyc", O_RDONLY) = -1 ENOENT (No such file or directory)
stat("/usr/lib/python2.7/dist-packages/ubuntuone-client", {st_mode=S_IFDIR|0755, st_size=4096, ...}) = 0
stat("/usr/lib/python2.7/dist-packages/ubuntuone-client", {st_mode=S_IFDIR|0755, st_size=4096, ...}) = 0
stat("/usr/lib/python2.7/dist-packages/ubuntuone-client/usercustomize", 0x7fffe90b6ca0) = -1 ENOENT (No such file or directory)
open("/usr/lib/python2.7/dist-packages/ubuntuone-client/usercustomize.so", O_RDONLY) = -1 ENOENT (No such file or directory)
open("/usr/lib/python2.7/dist-packages/ubuntuone-client/usercustomizemodule.so", O_RDONLY) = -1 ENOENT (No such file or directory)
open("/usr/lib/python2.7/dist-packages/ubuntuone-client/usercustomize.py", O_RDONLY) = -1 ENOENT (No such file or directory)
open("/usr/lib/python2.7/dist-packages/ubuntuone-client/usercustomize.pyc", O_RDONLY) = -1 ENOENT (No such file or directory)
stat("/usr/lib/python2.7/dist-packages/ubuntuone-control-panel", {st_mode=S_IFDIR|0755, st_size=4096, ...}) = 0
stat("/usr/lib/python2.7/dist-packages/ubuntuone-control-panel", {st_mode=S_IFDIR|0755, st_size=4096, ...}) = 0
stat("/usr/lib/python2.7/dist-packages/ubuntuone-control-panel/usercustomize", 0x7fffe90b6ca0) = -1 ENOENT (No such file or directory)
open("/usr/lib/python2.7/dist-packages/ubuntuone-control-panel/usercustomize.so", O_RDONLY) = -1 ENOENT (No such file or directory)
open("/usr/lib/python2.7/dist-packages/ubuntuone-control-panel/usercustomizemodule.so", O_RDONLY) = -1 ENOENT (No such file or directory)
open("/usr/lib/python2.7/dist-packages/ubuntuone-control-panel/usercustomize.py", O_RDONLY) = -1 ENOENT (No such file or directory)
open("/usr/lib/python2.7/dist-packages/ubuntuone-control-panel/usercustomize.pyc", O_RDONLY) = -1 ENOENT (No such file or directory)
stat("/usr/lib/python2.7/dist-packages/ubuntuone-couch", {st_mode=S_IFDIR|0755, st_size=4096, ...}) = 0
stat("/usr/lib/python2.7/dist-packages/ubuntuone-couch", {st_mode=S_IFDIR|0755, st_size=4096, ...}) = 0
stat("/usr/lib/python2.7/dist-packages/ubuntuone-couch/usercustomize", 0x7fffe90b6ca0) = -1 ENOENT (No such file or directory)
open("/usr/lib/python2.7/dist-packages/ubuntuone-couch/usercustomize.so", O_RDONLY) = -1 ENOENT (No such file or directory)
open("/usr/lib/python2.7/dist-packages/ubuntuone-couch/usercustomizemodule.so", O_RDONLY) = -1 ENOENT (No such file or directory)
open("/usr/lib/python2.7/dist-packages/ubuntuone-couch/usercustomize.py", O_RDONLY) = -1 ENOENT (No such file or directory)
open("/usr/lib/python2.7/dist-packages/ubuntuone-couch/usercustomize.pyc", O_RDONLY) = -1 ENOENT (No such file or directory)
stat("/usr/lib/python2.7/dist-packages/ubuntuone-installer", {st_mode=S_IFDIR|0755, st_size=4096, ...}) = 0
stat("/usr/lib/python2.7/dist-packages/ubuntuone-installer", {st_mode=S_IFDIR|0755, st_size=4096, ...}) = 0
stat("/usr/lib/python2.7/dist-packages/ubuntuone-installer/usercustomize", 0x7fffe90b6ca0) = -1 ENOENT (No such file or directory)
open("/usr/lib/python2.7/dist-packages/ubuntuone-installer/usercustomize.so", O_RDONLY) = -1 ENOENT (No such file or directory)
open("/usr/lib/python2.7/dist-packages/ubuntuone-installer/usercustomizemodule.so", O_RDONLY) = -1 ENOENT (No such file or directory)
open("/usr/lib/python2.7/dist-packages/ubuntuone-installer/usercustomize.py", O_RDONLY) = -1 ENOENT (No such file or directory)
open("/usr/lib/python2.7/dist-packages/ubuntuone-installer/usercustomize.pyc", O_RDONLY) = -1 ENOENT (No such file or directory)
stat("/usr/lib/python2.7/dist-packages/ubuntuone-storage-protocol", {st_mode=S_IFDIR|0755, st_size=4096, ...}) = 0
stat("/usr/lib/python2.7/dist-packages/ubuntuone-storage-protocol", {st_mode=S_IFDIR|0755, st_size=4096, ...}) = 0
stat("/usr/lib/python2.7/dist-packages/ubuntuone-storage-protocol/usercustomize", 0x7fffe90b6ca0) = -1 ENOENT (No such file or directory)
open("/usr/lib/python2.7/dist-packages/ubuntuone-storage-protocol/usercustomize.so", O_RDONLY) = -1 ENOENT (No such file or directory)
open("/usr/lib/python2.7/dist-packages/ubuntuone-storage-protocol/usercustomizemodule.so", O_RDONLY) = -1 ENOENT (No such file or directory)
open("/usr/lib/python2.7/dist-packages/ubuntuone-storage-protocol/usercustomize.py", O_RDONLY) = -1 ENOENT (No such file or directory)
open("/usr/lib/python2.7/dist-packages/ubuntuone-storage-protocol/usercustomize.pyc", O_RDONLY) = -1 ENOENT (No such file or directory)
close(3)                                = 0
open("/usr/lib/locale/locale-archive", O_RDONLY|O_CLOEXEC) = 3
fstat(3, {st_mode=S_IFREG|0644, st_size=8744368, ...}) = 0
mmap(NULL, 8744368, PROT_READ, MAP_PRIVATE, 3, 0) = 0x7f1eb0965000
close(3)                                = 0
stat("/usr/lib/python2.7/encodings", {st_mode=S_IFDIR|0755, st_size=16384, ...}) = 0
stat("/usr/lib/python2.7/encodings/__init__.py", {st_mode=S_IFREG|0644, st_size=5698, ...}) = 0
stat("/usr/lib/python2.7/encodings/__init__", 0x7fffe90b9610) = -1 ENOENT (No such file or directory)
open("/usr/lib/python2.7/encodings/__init__.so", O_RDONLY) = -1 ENOENT (No such file or directory)
open("/usr/lib/python2.7/encodings/__init__module.so", O_RDONLY) = -1 ENOENT (No such file or directory)
open("/usr/lib/python2.7/encodings/__init__.py", O_RDONLY) = 3
fstat(3, {st_mode=S_IFREG|0644, st_size=5698, ...}) = 0
open("/usr/lib/python2.7/encodings/__init__.pyc", O_RDONLY) = 4
fstat(4, {st_mode=S_IFREG|0644, st_size=4370, ...}) = 0
mmap(NULL, 4096, PROT_READ|PROT_WRITE, MAP_PRIVATE|MAP_ANONYMOUS, -1, 0) = 0x7f1eb2b09000
read(4, "\3\363\r\n,\301\30Pc\0\0\0\0\0\0\0\0\3\0\0\0@\0\0\0s\216\0\0\0d\0"..., 4096) = 4096
fstat(4, {st_mode=S_IFREG|0644, st_size=4370, ...}) = 0
read(4, "\1$\1$\0016\0016\1\3\1\3\1\26\1\"\0015\1\22\3\n\4\3\1\20\1\r\1\4\2\r"..., 4096) = 274
read(4, "", 4096)                       = 0
close(4)                                = 0
munmap(0x7f1eb2b09000, 4096)            = 0
stat("/usr/lib/python2.7/encodings", {st_mode=S_IFDIR|0755, st_size=16384, ...}) = 0
stat("/usr/lib/python2.7/encodings", {st_mode=S_IFDIR|0755, st_size=16384, ...}) = 0
stat("/usr/lib/python2.7/encodings/codecs", 0x7fffe90b6000) = -1 ENOENT (No such file or directory)
open("/usr/lib/python2.7/encodings/codecs.so", O_RDONLY) = -1 ENOENT (No such file or directory)
open("/usr/lib/python2.7/encodings/codecsmodule.so", O_RDONLY) = -1 ENOENT (No such file or directory)
open("/usr/lib/python2.7/encodings/codecs.py", O_RDONLY) = -1 ENOENT (No such file or directory)
open("/usr/lib/python2.7/encodings/codecs.pyc", O_RDONLY) = -1 ENOENT (No such file or directory)
stat("/usr/lib/python2.7/codecs", 0x7fffe90b6000) = -1 ENOENT (No such file or directory)
open("/usr/lib/python2.7/codecs.so", O_RDONLY) = -1 ENOENT (No such file or directory)
open("/usr/lib/python2.7/codecsmodule.so", O_RDONLY) = -1 ENOENT (No such file or directory)
open("/usr/lib/python2.7/codecs.py", O_RDONLY) = 4
fstat(4, {st_mode=S_IFREG|0644, st_size=35266, ...}) = 0
open("/usr/lib/python2.7/codecs.pyc", O_RDONLY) = 5
fstat(5, {st_mode=S_IFREG|0644, st_size=36414, ...}) = 0
mmap(NULL, 4096, PROT_READ|PROT_WRITE, MAP_PRIVATE|MAP_ANONYMOUS, -1, 0) = 0x7f1eb2b09000
read(5, "\3\363\r\n+\301\30Pc\0\0\0\0\0\0\0\0\30\0\0\0@\0\0\0s7\3\0\0d\0"..., 4096) = 4096
fstat(5, {st_mode=S_IFREG|0644, st_size=36414, ...}) = 0
read(5, "d\1\0S(\2\0\0\0s\372\2\0\0 Decodes the objec"..., 28672) = 28672
read(5, "c for the given encoding and ret"..., 4096) = 3646
read(5, "", 4096)                       = 0
close(5)                                = 0
munmap(0x7f1eb2b09000, 4096)            = 0
close(4)                                = 0
stat("/usr/lib/python2.7/encodings/encodings", 0x7fffe90b6000) = -1 ENOENT (No such file or directory)
open("/usr/lib/python2.7/encodings/encodings.so", O_RDONLY) = -1 ENOENT (No such file or directory)
open("/usr/lib/python2.7/encodings/encodingsmodule.so", O_RDONLY) = -1 ENOENT (No such file or directory)
open("/usr/lib/python2.7/encodings/encodings.py", O_RDONLY) = -1 ENOENT (No such file or directory)
open("/usr/lib/python2.7/encodings/encodings.pyc", O_RDONLY) = -1 ENOENT (No such file or directory)
stat("/usr/lib/python2.7/encodings/aliases", 0x7fffe90b6000) = -1 ENOENT (No such file or directory)
open("/usr/lib/python2.7/encodings/aliases.so", O_RDONLY) = -1 ENOENT (No such file or directory)
open("/usr/lib/python2.7/encodings/aliasesmodule.so", O_RDONLY) = -1 ENOENT (No such file or directory)
open("/usr/lib/python2.7/encodings/aliases.py", O_RDONLY) = 4
fstat(4, {st_mode=S_IFREG|0644, st_size=14848, ...}) = 0
open("/usr/lib/python2.7/encodings/aliases.pyc", O_RDONLY) = 5
fstat(5, {st_mode=S_IFREG|0644, st_size=8768, ...}) = 0
mmap(NULL, 4096, PROT_READ|PROT_WRITE, MAP_PRIVATE|MAP_ANONYMOUS, -1, 0) = 0x7f1eb2b09000
read(5, "\3\363\r\n,\301\30Pc\0\0\0\0\0\0\0\0\3\0\0\0@\0\0\0su\10\0\0d\0"..., 4096) = 4096
fstat(5, {st_mode=S_IFREG|0644, st_size=8768, ...}) = 0
read(5, "ibm860t\6\0\0\0ibm860t\5\0\0\0cp861t\3\0\0\0"..., 4096) = 4096
read(5, "\7\3\7\1\7\1\7\1\7\1\7\1\7\1\7\1\7\3\7\1\7\1\7\3\7\1\7\3\7\1\7\3"..., 4096) = 576
read(5, "", 4096)                       = 0
close(5)                                = 0
munmap(0x7f1eb2b09000, 4096)            = 0
brk(0x167a000)                          = 0x167a000
close(4)                                = 0
stat("/usr/lib/python2.7/encodings/__builtin__", 0x7fffe90b6000) = -1 ENOENT (No such file or directory)
open("/usr/lib/python2.7/encodings/__builtin__.so", O_RDONLY) = -1 ENOENT (No such file or directory)
open("/usr/lib/python2.7/encodings/__builtin__module.so", O_RDONLY) = -1 ENOENT (No such file or directory)
open("/usr/lib/python2.7/encodings/__builtin__.py", O_RDONLY) = -1 ENOENT (No such file or directory)
open("/usr/lib/python2.7/encodings/__builtin__.pyc", O_RDONLY) = -1 ENOENT (No such file or directory)
close(3)                                = 0
stat("/usr/lib/python2.7/encodings/utf_8", 0x7fffe90ba3a0) = -1 ENOENT (No such file or directory)
open("/usr/lib/python2.7/encodings/utf_8.so", O_RDONLY) = -1 ENOENT (No such file or directory)
open("/usr/lib/python2.7/encodings/utf_8module.so", O_RDONLY) = -1 ENOENT (No such file or directory)
open("/usr/lib/python2.7/encodings/utf_8.py", O_RDONLY) = 3
fstat(3, {st_mode=S_IFREG|0644, st_size=1005, ...}) = 0
open("/usr/lib/python2.7/encodings/utf_8.pyc", O_RDONLY) = 4
fstat(4, {st_mode=S_IFREG|0644, st_size=1950, ...}) = 0
mmap(NULL, 4096, PROT_READ|PROT_WRITE, MAP_PRIVATE|MAP_ANONYMOUS, -1, 0) = 0x7f1eb2b09000
read(4, "\3\363\r\n,\301\30Pc\0\0\0\0\0\0\0\0\3\0\0\0@\0\0\0s\230\0\0\0d\0"..., 4096) = 1950
fstat(4, {st_mode=S_IFREG|0644, st_size=1950, ...}) = 0
read(4, "", 4096)                       = 0
close(4)                                = 0
munmap(0x7f1eb2b09000, 4096)            = 0
close(3)                                = 0
ioctl(0, SNDCTL_TMR_TIMEBASE or TCGETS, {B38400 opost isig icanon echo ...}) = 0
ioctl(1, SNDCTL_TMR_TIMEBASE or TCGETS, {B38400 opost isig icanon echo ...}) = 0
ioctl(2, SNDCTL_TMR_TIMEBASE or TCGETS, 0x7fffe90be898) = -1 ENOTTY (Inappropriate ioctl for device)
readlink("./hello.py", 0x7fffe90bca90, 4096) = -1 EINVAL (Invalid argument)
getcwd("/home/robotregent/Dokumente/uulm/syssoI/ws12/blatt1", 4096) = 52
lstat("/home/robotregent/Dokumente/uulm/syssoI/ws12/blatt1/hello.py", {st_mode=S_IFREG|0775, st_size=42, ...}) = 0
stat("./hello.py", {st_mode=S_IFREG|0775, st_size=42, ...}) = 0
open("./hello.py", O_RDONLY)            = 3
fstat(3, {st_mode=S_IFREG|0775, st_size=42, ...}) = 0
mmap(NULL, 4096, PROT_READ|PROT_WRITE, MAP_PRIVATE|MAP_ANONYMOUS, -1, 0) = 0x7f1eb2b09000
fstat(3, {st_mode=S_IFREG|0775, st_size=42, ...}) = 0
lseek(3, 0, SEEK_SET)                   = 0
read(3, "#!/usr/bin/env pytho", 20)     = 20
read(3, "n\nprint \"Hello World\"\n", 4096) = 22
close(3)                                = 0
munmap(0x7f1eb2b09000, 4096)            = 0
stat("./hello.py", {st_mode=S_IFREG|0775, st_size=42, ...}) = 0
open("./hello.py", O_RDONLY)            = 3
fstat(3, {st_mode=S_IFREG|0775, st_size=42, ...}) = 0
ioctl(3, SNDCTL_TMR_TIMEBASE or TCGETS, 0x7fffe90bea38) = -1 ENOTTY (Inappropriate ioctl for device)
fstat(3, {st_mode=S_IFREG|0775, st_size=42, ...}) = 0
mmap(NULL, 4096, PROT_READ|PROT_WRITE, MAP_PRIVATE|MAP_ANONYMOUS, -1, 0) = 0x7f1eb2b09000
lseek(3, 0, SEEK_CUR)                   = 0
read(3, "#!/usr/bin/env python\nprint \"Hel"..., 4096) = 42
lseek(3, 42, SEEK_SET)                  = 42
read(3, "", 4096)                       = 0
close(3)                                = 0
munmap(0x7f1eb2b09000, 4096)            = 0
fstat(1, {st_mode=S_IFCHR|0620, st_rdev=makedev(136, 5), ...}) = 0
mmap(NULL, 4096, PROT_READ|PROT_WRITE, MAP_PRIVATE|MAP_ANONYMOUS, -1, 0) = 0x7f1eb2b09000
write(1, "Hello World\n", 12)           = 12
rt_sigaction(SIGINT, {SIG_DFL, [], SA_RESTORER, 0x7f1eb26dccb0}, {0x41d920, [], SA_RESTORER, 0x7f1eb26dccb0}, 8) = 0
brk(0x1677000)                          = 0x1677000
exit_group(0)                           = ?
